[0.016s] Invoking command in '/home/jakob/Desktop/serial-com/ros_ws/build/pub_package': CMAKE_PREFIX_PATH=${CMAKE_PREFIX_PATH}:/opt/ros/foxy /home/jakob/.local/bin/cmake /home/jakob/Desktop/serial-com/ros_ws/src/pub_package -DCMAKE_INSTALL_PREFIX=/home/jakob/Desktop/serial-com/ros_ws/install/pub_package
[0.080s] -- The C compiler identification is GNU 9.4.0
[0.124s] -- The CXX compiler identification is GNU 9.4.0
[0.129s] -- Detecting C compiler ABI info
[0.173s] -- Detecting C compiler ABI info - done
[0.184s] -- Check for working C compiler: /usr/bin/cc - skipped
[0.184s] -- Detecting C compile features
[0.185s] -- Detecting C compile features - done
[0.187s] -- Detecting CXX compiler ABI info
[0.235s] -- Detecting CXX compiler ABI info - done
[0.243s] -- Check for working CXX compiler: /usr/bin/c++ - skipped
[0.244s] -- Detecting CXX compile features
[0.244s] -- Detecting CXX compile features - done
[0.246s] -- Found ament_cmake: 0.9.12 (/opt/ros/foxy/share/ament_cmake/cmake)
[0.270s] -- Found PythonInterp: /usr/bin/python3 (found suitable version "3.8.10", minimum required is "3") 
[0.270s] -- Using PYTHON_EXECUTABLE: /usr/bin/python3
[0.410s] -- Found rclcpp: 2.4.3 (/opt/ros/foxy/share/rclcpp/cmake)
[0.436s] -- Using all available rosidl_typesupport_c: rosidl_typesupport_fastrtps_c;rosidl_typesupport_introspection_c
[0.440s] -- Found rosidl_adapter: 1.3.1 (/opt/ros/foxy/share/rosidl_adapter/cmake)
[0.486s] -- Found OpenSSL: /usr/lib/x86_64-linux-gnu/libcrypto.so (found version "1.1.1f")  
[0.509s] -- Found FastRTPS: /opt/ros/foxy/include  
[0.556s] -- Using all available rosidl_typesupport_cpp: rosidl_typesupport_fastrtps_cpp;rosidl_typesupport_introspection_cpp
[0.589s] -- Found rmw_implementation_cmake: 1.0.4 (/opt/ros/foxy/share/rmw_implementation_cmake/cmake)
[0.590s] -- Using RMW implementation 'rmw_fastrtps_cpp' as default
[0.591s] -- Performing Test CMAKE_HAVE_LIBC_PTHREAD
[0.636s] -- Performing Test CMAKE_HAVE_LIBC_PTHREAD - Failed
[0.636s] -- Looking for pthread_create in pthreads
[0.672s] -- Looking for pthread_create in pthreads - not found
[0.672s] -- Looking for pthread_create in pthread
[0.718s] -- Looking for pthread_create in pthread - found
[0.719s] -- Found Threads: TRUE  
[0.819s] -- Found geometry_msgs: 2.0.5 (/opt/ros/foxy/share/geometry_msgs/cmake)
[0.840s] -- Found ament_lint_auto: 0.9.8 (/opt/ros/foxy/share/ament_lint_auto/cmake)
[0.899s] -- Added test 'copyright' to check source files copyright and LICENSE
[0.899s] -- Added test 'cppcheck' to perform static code analysis on C / C++ code
[0.899s] -- Configured cppcheck include dirs: 
[0.900s] -- Configured cppcheck exclude dirs and/or files: 
[0.900s] -- Added test 'cpplint' to check C / C++ code against the Google style
[0.900s] -- Configured cpplint exclude dirs and/or files: 
[0.900s] -- Added test 'lint_cmake' to check CMake code style
[0.901s] -- Added test 'uncrustify' to check C / C++ code style
[0.901s] -- Configured uncrustify additional arguments: 
[0.901s] -- Added test 'xmllint' to check XML markup files
[0.902s] -- Configuring done
[0.907s] -- Generating done
[0.908s] -- Build files have been written to: /home/jakob/Desktop/serial-com/ros_ws/build/pub_package
[0.919s] Invoked command in '/home/jakob/Desktop/serial-com/ros_ws/build/pub_package' returned '0': CMAKE_PREFIX_PATH=${CMAKE_PREFIX_PATH}:/opt/ros/foxy /home/jakob/.local/bin/cmake /home/jakob/Desktop/serial-com/ros_ws/src/pub_package -DCMAKE_INSTALL_PREFIX=/home/jakob/Desktop/serial-com/ros_ws/install/pub_package
[0.921s] Invoking command in '/home/jakob/Desktop/serial-com/ros_ws/build/pub_package': CMAKE_PREFIX_PATH=${CMAKE_PREFIX_PATH}:/opt/ros/foxy /home/jakob/.local/bin/cmake --build /home/jakob/Desktop/serial-com/ros_ws/build/pub_package -- -j12 -l12
[0.958s] [ 50%] [32mBuilding CXX object CMakeFiles/commander.dir/src/publisher.cpp.o[0m
[2.770s] [100%] [32m[1mLinking CXX executable commander[0m
[2.854s] [100%] Built target commander
[2.863s] Invoked command in '/home/jakob/Desktop/serial-com/ros_ws/build/pub_package' returned '0': CMAKE_PREFIX_PATH=${CMAKE_PREFIX_PATH}:/opt/ros/foxy /home/jakob/.local/bin/cmake --build /home/jakob/Desktop/serial-com/ros_ws/build/pub_package -- -j12 -l12
[2.926s] Invoking command in '/home/jakob/Desktop/serial-com/ros_ws/build/pub_package': CMAKE_PREFIX_PATH=${CMAKE_PREFIX_PATH}:/opt/ros/foxy /home/jakob/.local/bin/cmake --install /home/jakob/Desktop/serial-com/ros_ws/build/pub_package
[2.952s] -- Install configuration: ""
[2.953s] -- Installing: /home/jakob/Desktop/serial-com/ros_ws/install/pub_package/lib/pub_package/commander
[2.954s] -- Set runtime path of "/home/jakob/Desktop/serial-com/ros_ws/install/pub_package/lib/pub_package/commander" to ""
[2.954s] -- Installing: /home/jakob/Desktop/serial-com/ros_ws/install/pub_package/share/ament_index/resource_index/package_run_dependencies/pub_package
[2.954s] -- Installing: /home/jakob/Desktop/serial-com/ros_ws/install/pub_package/share/ament_index/resource_index/parent_prefix_path/pub_package
[2.955s] -- Installing: /home/jakob/Desktop/serial-com/ros_ws/install/pub_package/share/pub_package/environment/ament_prefix_path.sh
[2.955s] -- Installing: /home/jakob/Desktop/serial-com/ros_ws/install/pub_package/share/pub_package/environment/ament_prefix_path.dsv
[2.955s] -- Installing: /home/jakob/Desktop/serial-com/ros_ws/install/pub_package/share/pub_package/environment/path.sh
[2.955s] -- Installing: /home/jakob/Desktop/serial-com/ros_ws/install/pub_package/share/pub_package/environment/path.dsv
[2.955s] -- Installing: /home/jakob/Desktop/serial-com/ros_ws/install/pub_package/share/pub_package/local_setup.bash
[2.956s] -- Installing: /home/jakob/Desktop/serial-com/ros_ws/install/pub_package/share/pub_package/local_setup.sh
[2.956s] -- Installing: /home/jakob/Desktop/serial-com/ros_ws/install/pub_package/share/pub_package/local_setup.zsh
[2.956s] -- Installing: /home/jakob/Desktop/serial-com/ros_ws/install/pub_package/share/pub_package/local_setup.dsv
[2.956s] -- Installing: /home/jakob/Desktop/serial-com/ros_ws/install/pub_package/share/pub_package/package.dsv
[2.956s] -- Installing: /home/jakob/Desktop/serial-com/ros_ws/install/pub_package/share/ament_index/resource_index/packages/pub_package
[2.956s] -- Installing: /home/jakob/Desktop/serial-com/ros_ws/install/pub_package/share/pub_package/cmake/pub_packageConfig.cmake
[2.957s] -- Installing: /home/jakob/Desktop/serial-com/ros_ws/install/pub_package/share/pub_package/cmake/pub_packageConfig-version.cmake
[2.957s] -- Installing: /home/jakob/Desktop/serial-com/ros_ws/install/pub_package/share/pub_package/package.xml
[2.963s] Invoked command in '/home/jakob/Desktop/serial-com/ros_ws/build/pub_package' returned '0': CMAKE_PREFIX_PATH=${CMAKE_PREFIX_PATH}:/opt/ros/foxy /home/jakob/.local/bin/cmake --install /home/jakob/Desktop/serial-com/ros_ws/build/pub_package
