[0.034s] Invoking command in '/home/jakob/Desktop/serial-com/ros_ws/build/gimbalcom_package': CMAKE_PREFIX_PATH=${CMAKE_PREFIX_PATH}:/opt/ros/foxy /home/jakob/.local/bin/cmake /home/jakob/Desktop/serial-com/ros_ws/src/gimbalcom_package -DCMAKE_INSTALL_PREFIX=/home/jakob/Desktop/serial-com/ros_ws/install/gimbalcom_package
[0.103s] -- The C compiler identification is GNU 9.4.0
[0.148s] -- The CXX compiler identification is GNU 9.4.0
[0.155s] -- Detecting C compiler ABI info
[0.191s] -- Detecting C compiler ABI info - done
[0.203s] -- Check for working C compiler: /usr/bin/cc - skipped
[0.203s] -- Detecting C compile features
[0.203s] -- Detecting C compile features - done
[0.205s] -- Detecting CXX compiler ABI info
[0.253s] -- Detecting CXX compiler ABI info - done
[0.264s] -- Check for working CXX compiler: /usr/bin/c++ - skipped
[0.264s] -- Detecting CXX compile features
[0.264s] -- Detecting CXX compile features - done
[0.266s] -- Found ament_cmake: 0.9.12 (/opt/ros/foxy/share/ament_cmake/cmake)
[0.286s] -- Found PythonInterp: /usr/bin/python3 (found suitable version "3.8.10", minimum required is "3") 
[0.286s] -- Using PYTHON_EXECUTABLE: /usr/bin/python3
[0.426s] -- Found rclcpp: 2.4.3 (/opt/ros/foxy/share/rclcpp/cmake)
[0.455s] -- Using all available rosidl_typesupport_c: rosidl_typesupport_fastrtps_c;rosidl_typesupport_introspection_c
[0.458s] -- Found rosidl_adapter: 1.3.1 (/opt/ros/foxy/share/rosidl_adapter/cmake)
[0.512s] -- Found OpenSSL: /usr/lib/x86_64-linux-gnu/libcrypto.so (found version "1.1.1f")  
[0.533s] -- Found FastRTPS: /opt/ros/foxy/include  
[0.580s] -- Using all available rosidl_typesupport_cpp: rosidl_typesupport_fastrtps_cpp;rosidl_typesupport_introspection_cpp
[0.613s] -- Found rmw_implementation_cmake: 1.0.4 (/opt/ros/foxy/share/rmw_implementation_cmake/cmake)
[0.613s] -- Using RMW implementation 'rmw_fastrtps_cpp' as default
[0.614s] -- Performing Test CMAKE_HAVE_LIBC_PTHREAD
[0.662s] -- Performing Test CMAKE_HAVE_LIBC_PTHREAD - Failed
[0.662s] -- Looking for pthread_create in pthreads
[0.695s] -- Looking for pthread_create in pthreads - not found
[0.695s] -- Looking for pthread_create in pthread
[0.741s] -- Looking for pthread_create in pthread - found
[0.742s] -- Found Threads: TRUE  
[0.838s] -- Found geometry_msgs: 2.0.5 (/opt/ros/foxy/share/geometry_msgs/cmake)
[0.859s] -- Found ament_lint_auto: 0.9.8 (/opt/ros/foxy/share/ament_lint_auto/cmake)
[0.915s] -- Added test 'copyright' to check source files copyright and LICENSE
[0.915s] -- Added test 'cppcheck' to perform static code analysis on C / C++ code
[0.915s] -- Configured cppcheck include dirs: 
[0.915s] -- Configured cppcheck exclude dirs and/or files: 
[0.916s] -- Added test 'cpplint' to check C / C++ code against the Google style
[0.916s] -- Configured cpplint exclude dirs and/or files: 
[0.916s] -- Added test 'lint_cmake' to check CMake code style
[0.917s] -- Added test 'uncrustify' to check C / C++ code style
[0.917s] -- Configured uncrustify additional arguments: 
[0.917s] -- Added test 'xmllint' to check XML markup files
[0.918s] -- Configuring done
[0.923s] -- Generating done
[0.924s] -- Build files have been written to: /home/jakob/Desktop/serial-com/ros_ws/build/gimbalcom_package
[0.932s] Invoked command in '/home/jakob/Desktop/serial-com/ros_ws/build/gimbalcom_package' returned '0': CMAKE_PREFIX_PATH=${CMAKE_PREFIX_PATH}:/opt/ros/foxy /home/jakob/.local/bin/cmake /home/jakob/Desktop/serial-com/ros_ws/src/gimbalcom_package -DCMAKE_INSTALL_PREFIX=/home/jakob/Desktop/serial-com/ros_ws/install/gimbalcom_package
[0.934s] Invoking command in '/home/jakob/Desktop/serial-com/ros_ws/build/gimbalcom_package': CMAKE_PREFIX_PATH=${CMAKE_PREFIX_PATH}:/opt/ros/foxy /home/jakob/.local/bin/cmake --build /home/jakob/Desktop/serial-com/ros_ws/build/gimbalcom_package -- -j12 -l12
[0.969s] [ 50%] [32mBuilding CXX object CMakeFiles/gimbalcom.dir/src/com_node.cpp.o[0m
[3.948s] [100%] [32m[1mLinking CXX executable gimbalcom[0m
[4.068s] [100%] Built target gimbalcom
[4.077s] Invoked command in '/home/jakob/Desktop/serial-com/ros_ws/build/gimbalcom_package' returned '0': CMAKE_PREFIX_PATH=${CMAKE_PREFIX_PATH}:/opt/ros/foxy /home/jakob/.local/bin/cmake --build /home/jakob/Desktop/serial-com/ros_ws/build/gimbalcom_package -- -j12 -l12
[4.120s] Invoking command in '/home/jakob/Desktop/serial-com/ros_ws/build/gimbalcom_package': CMAKE_PREFIX_PATH=${CMAKE_PREFIX_PATH}:/opt/ros/foxy /home/jakob/.local/bin/cmake --install /home/jakob/Desktop/serial-com/ros_ws/build/gimbalcom_package
[4.147s] -- Install configuration: ""
[4.147s] -- Installing: /home/jakob/Desktop/serial-com/ros_ws/install/gimbalcom_package/lib/gimbalcom_package/gimbalcom
[4.149s] -- Set runtime path of "/home/jakob/Desktop/serial-com/ros_ws/install/gimbalcom_package/lib/gimbalcom_package/gimbalcom" to ""
[4.149s] -- Installing: /home/jakob/Desktop/serial-com/ros_ws/install/gimbalcom_package/share/ament_index/resource_index/package_run_dependencies/gimbalcom_package
[4.149s] -- Installing: /home/jakob/Desktop/serial-com/ros_ws/install/gimbalcom_package/share/ament_index/resource_index/parent_prefix_path/gimbalcom_package
[4.150s] -- Installing: /home/jakob/Desktop/serial-com/ros_ws/install/gimbalcom_package/share/gimbalcom_package/environment/ament_prefix_path.sh
[4.150s] -- Installing: /home/jakob/Desktop/serial-com/ros_ws/install/gimbalcom_package/share/gimbalcom_package/environment/ament_prefix_path.dsv
[4.150s] -- Installing: /home/jakob/Desktop/serial-com/ros_ws/install/gimbalcom_package/share/gimbalcom_package/environment/path.sh
[4.150s] -- Installing: /home/jakob/Desktop/serial-com/ros_ws/install/gimbalcom_package/share/gimbalcom_package/environment/path.dsv
[4.150s] -- Installing: /home/jakob/Desktop/serial-com/ros_ws/install/gimbalcom_package/share/gimbalcom_package/local_setup.bash
[4.150s] -- Installing: /home/jakob/Desktop/serial-com/ros_ws/install/gimbalcom_package/share/gimbalcom_package/local_setup.sh
[4.151s] -- Installing: /home/jakob/Desktop/serial-com/ros_ws/install/gimbalcom_package/share/gimbalcom_package/local_setup.zsh
[4.151s] -- Installing: /home/jakob/Desktop/serial-com/ros_ws/install/gimbalcom_package/share/gimbalcom_package/local_setup.dsv
[4.151s] -- Installing: /home/jakob/Desktop/serial-com/ros_ws/install/gimbalcom_package/share/gimbalcom_package/package.dsv
[4.151s] -- Installing: /home/jakob/Desktop/serial-com/ros_ws/install/gimbalcom_package/share/ament_index/resource_index/packages/gimbalcom_package
[4.151s] -- Installing: /home/jakob/Desktop/serial-com/ros_ws/install/gimbalcom_package/share/gimbalcom_package/cmake/gimbalcom_packageConfig.cmake
[4.151s] -- Installing: /home/jakob/Desktop/serial-com/ros_ws/install/gimbalcom_package/share/gimbalcom_package/cmake/gimbalcom_packageConfig-version.cmake
[4.151s] -- Installing: /home/jakob/Desktop/serial-com/ros_ws/install/gimbalcom_package/share/gimbalcom_package/package.xml
[4.165s] Invoked command in '/home/jakob/Desktop/serial-com/ros_ws/build/gimbalcom_package' returned '0': CMAKE_PREFIX_PATH=${CMAKE_PREFIX_PATH}:/opt/ros/foxy /home/jakob/.local/bin/cmake --install /home/jakob/Desktop/serial-com/ros_ws/build/gimbalcom_package
