[0.342s] DEBUG:colcon:Command line arguments: ['/home/jakob/.local/bin/colcon', 'build']
[0.342s] DEBUG:colcon:Parsed command line arguments: Namespace(allow_overriding=[], ament_cmake_args=None, base_paths=['.'], build_base='build', catkin_cmake_args=None, catkin_skip_building_tests=False, cmake_args=None, cmake_clean_cache=False, cmake_clean_first=False, cmake_force_configure=False, cmake_target=None, cmake_target_skip_unavailable=False, continue_on_error=False, event_handlers=None, executor='parallel', ignore_user_meta=False, install_base='install', log_base=None, log_level=None, main=<bound method BuildVerb.main of <colcon_core.verb.build.BuildVerb object at 0x7fd3b6a78ca0>>, merge_install=False, metas=['./colcon.meta'], packages_above=None, packages_above_and_dependencies=None, packages_above_depth=None, packages_end=None, packages_ignore=None, packages_ignore_regex=None, packages_select=None, packages_select_build_failed=False, packages_select_by_dep=None, packages_select_regex=None, packages_select_test_failures=False, packages_skip=None, packages_skip_build_finished=False, packages_skip_by_dep=None, packages_skip_regex=None, packages_skip_test_passed=False, packages_skip_up_to=None, packages_start=None, packages_up_to=None, packages_up_to_regex=None, parallel_workers=12, paths=None, symlink_install=False, test_result_base=None, verb_extension=<colcon_core.verb.build.BuildVerb object at 0x7fd3b6a78ca0>, verb_name='build', verb_parser=<colcon_defaults.argument_parser.defaults.DefaultArgumentsDecorator object at 0x7fd3b69fc250>)
[0.363s] Level 1:colcon.colcon_core.package_discovery:discover_packages(colcon_meta) check parameters
[0.363s] Level 1:colcon.colcon_core.package_discovery:discover_packages(recursive) check parameters
[0.363s] Level 1:colcon.colcon_core.package_discovery:discover_packages(ignore) check parameters
[0.363s] Level 1:colcon.colcon_core.package_discovery:discover_packages(path) check parameters
[0.363s] Level 1:colcon.colcon_core.package_discovery:discover_packages(colcon_meta) discover
[0.363s] Level 1:colcon.colcon_core.package_discovery:discover_packages(recursive) discover
[0.363s] INFO:colcon.colcon_core.package_discovery:Crawling recursively for packages in '/home/jakob/Desktop/serial-com/ros_ws'
[0.363s] Level 1:colcon.colcon_core.package_identification:_identify(.) by extensions ['ignore', 'ignore_ament_install']
[0.363s] Level 1:colcon.colcon_core.package_identification:_identify(.) by extension 'ignore'
[0.363s] Level 1:colcon.colcon_core.package_identification:_identify(.) by extension 'ignore_ament_install'
[0.363s] Level 1:colcon.colcon_core.package_identification:_identify(.) by extensions ['colcon_pkg']
[0.363s] Level 1:colcon.colcon_core.package_identification:_identify(.) by extension 'colcon_pkg'
[0.363s] Level 1:colcon.colcon_core.package_identification:_identify(.) by extensions ['colcon_meta']
[0.363s] Level 1:colcon.colcon_core.package_identification:_identify(.) by extension 'colcon_meta'
[0.363s] Level 1:colcon.colcon_core.package_identification:_identify(.) by extensions ['ros']
[0.363s] Level 1:colcon.colcon_core.package_identification:_identify(.) by extension 'ros'
[0.369s] Level 1:colcon.colcon_core.package_identification:_identify(.) by extensions ['cmake', 'python']
[0.369s] Level 1:colcon.colcon_core.package_identification:_identify(.) by extension 'cmake'
[0.369s] Level 1:colcon.colcon_core.package_identification:_identify(.) by extension 'python'
[0.369s] Level 1:colcon.colcon_core.package_identification:_identify(.) by extensions ['python_setup_py']
[0.369s] Level 1:colcon.colcon_core.package_identification:_identify(.) by extension 'python_setup_py'
[0.370s] Level 1:colcon.colcon_core.package_identification:_identify(build) by extensions ['ignore', 'ignore_ament_install']
[0.370s] Level 1:colcon.colcon_core.package_identification:_identify(build) by extension 'ignore'
[0.370s] Level 1:colcon.colcon_core.package_identification:_identify(build) ignored
[0.370s] Level 1:colcon.colcon_core.package_identification:_identify(install) by extensions ['ignore', 'ignore_ament_install']
[0.370s] Level 1:colcon.colcon_core.package_identification:_identify(install) by extension 'ignore'
[0.370s] Level 1:colcon.colcon_core.package_identification:_identify(install) ignored
[0.370s] Level 1:colcon.colcon_core.package_identification:_identify(log) by extensions ['ignore', 'ignore_ament_install']
[0.370s] Level 1:colcon.colcon_core.package_identification:_identify(log) by extension 'ignore'
[0.370s] Level 1:colcon.colcon_core.package_identification:_identify(log) ignored
[0.370s] Level 1:colcon.colcon_core.package_identification:_identify(src) by extensions ['ignore', 'ignore_ament_install']
[0.370s] Level 1:colcon.colcon_core.package_identification:_identify(src) by extension 'ignore'
[0.370s] Level 1:colcon.colcon_core.package_identification:_identify(src) by extension 'ignore_ament_install'
[0.370s] Level 1:colcon.colcon_core.package_identification:_identify(src) by extensions ['colcon_pkg']
[0.370s] Level 1:colcon.colcon_core.package_identification:_identify(src) by extension 'colcon_pkg'
[0.370s] Level 1:colcon.colcon_core.package_identification:_identify(src) by extensions ['colcon_meta']
[0.370s] Level 1:colcon.colcon_core.package_identification:_identify(src) by extension 'colcon_meta'
[0.370s] Level 1:colcon.colcon_core.package_identification:_identify(src) by extensions ['ros']
[0.370s] Level 1:colcon.colcon_core.package_identification:_identify(src) by extension 'ros'
[0.370s] Level 1:colcon.colcon_core.package_identification:_identify(src) by extensions ['cmake', 'python']
[0.370s] Level 1:colcon.colcon_core.package_identification:_identify(src) by extension 'cmake'
[0.370s] Level 1:colcon.colcon_core.package_identification:_identify(src) by extension 'python'
[0.370s] Level 1:colcon.colcon_core.package_identification:_identify(src) by extensions ['python_setup_py']
[0.370s] Level 1:colcon.colcon_core.package_identification:_identify(src) by extension 'python_setup_py'
[0.370s] Level 1:colcon.colcon_core.package_identification:_identify(src/gimbalcom_package) by extensions ['ignore', 'ignore_ament_install']
[0.370s] Level 1:colcon.colcon_core.package_identification:_identify(src/gimbalcom_package) by extension 'ignore'
[0.370s] Level 1:colcon.colcon_core.package_identification:_identify(src/gimbalcom_package) by extension 'ignore_ament_install'
[0.370s] Level 1:colcon.colcon_core.package_identification:_identify(src/gimbalcom_package) by extensions ['colcon_pkg']
[0.370s] Level 1:colcon.colcon_core.package_identification:_identify(src/gimbalcom_package) by extension 'colcon_pkg'
[0.371s] Level 1:colcon.colcon_core.package_identification:_identify(src/gimbalcom_package) by extensions ['colcon_meta']
[0.371s] Level 1:colcon.colcon_core.package_identification:_identify(src/gimbalcom_package) by extension 'colcon_meta'
[0.371s] Level 1:colcon.colcon_core.package_identification:_identify(src/gimbalcom_package) by extensions ['ros']
[0.371s] Level 1:colcon.colcon_core.package_identification:_identify(src/gimbalcom_package) by extension 'ros'
[0.372s] DEBUG:colcon.colcon_core.package_identification:Package 'src/gimbalcom_package' with type 'ros.ament_cmake' and name 'gimbalcom_package'
[0.372s] Level 1:colcon.colcon_core.package_identification:_identify(src/pub_package) by extensions ['ignore', 'ignore_ament_install']
[0.372s] Level 1:colcon.colcon_core.package_identification:_identify(src/pub_package) by extension 'ignore'
[0.372s] Level 1:colcon.colcon_core.package_identification:_identify(src/pub_package) by extension 'ignore_ament_install'
[0.372s] Level 1:colcon.colcon_core.package_identification:_identify(src/pub_package) by extensions ['colcon_pkg']
[0.372s] Level 1:colcon.colcon_core.package_identification:_identify(src/pub_package) by extension 'colcon_pkg'
[0.372s] Level 1:colcon.colcon_core.package_identification:_identify(src/pub_package) by extensions ['colcon_meta']
[0.372s] Level 1:colcon.colcon_core.package_identification:_identify(src/pub_package) by extension 'colcon_meta'
[0.372s] Level 1:colcon.colcon_core.package_identification:_identify(src/pub_package) by extensions ['ros']
[0.372s] Level 1:colcon.colcon_core.package_identification:_identify(src/pub_package) by extension 'ros'
[0.373s] DEBUG:colcon.colcon_core.package_identification:Package 'src/pub_package' with type 'ros.ament_cmake' and name 'pub_package'
[0.373s] Level 1:colcon.colcon_core.package_discovery:discover_packages(recursive) using defaults
[0.373s] Level 1:colcon.colcon_core.package_discovery:discover_packages(ignore) discover
[0.373s] Level 1:colcon.colcon_core.package_discovery:discover_packages(ignore) using defaults
[0.373s] Level 1:colcon.colcon_core.package_discovery:discover_packages(path) discover
[0.373s] Level 1:colcon.colcon_core.package_discovery:discover_packages(path) using defaults
[0.393s] Level 1:colcon.colcon_core.package_discovery:discover_packages(prefix_path) check parameters
[0.393s] Level 1:colcon.colcon_core.package_discovery:discover_packages(prefix_path) discover
[0.399s] DEBUG:colcon.colcon_installed_package_information.package_discovery:Found 256 installed packages in /opt/ros/foxy
[0.400s] Level 1:colcon.colcon_core.package_discovery:discover_packages(prefix_path) using defaults
[0.444s] Level 5:colcon.colcon_core.verb:set package 'gimbalcom_package' build argument 'cmake_args' from command line to 'None'
[0.444s] Level 5:colcon.colcon_core.verb:set package 'gimbalcom_package' build argument 'cmake_target' from command line to 'None'
[0.444s] Level 5:colcon.colcon_core.verb:set package 'gimbalcom_package' build argument 'cmake_target_skip_unavailable' from command line to 'False'
[0.444s] Level 5:colcon.colcon_core.verb:set package 'gimbalcom_package' build argument 'cmake_clean_cache' from command line to 'False'
[0.444s] Level 5:colcon.colcon_core.verb:set package 'gimbalcom_package' build argument 'cmake_clean_first' from command line to 'False'
[0.444s] Level 5:colcon.colcon_core.verb:set package 'gimbalcom_package' build argument 'cmake_force_configure' from command line to 'False'
[0.444s] Level 5:colcon.colcon_core.verb:set package 'gimbalcom_package' build argument 'ament_cmake_args' from command line to 'None'
[0.444s] Level 5:colcon.colcon_core.verb:set package 'gimbalcom_package' build argument 'catkin_cmake_args' from command line to 'None'
[0.444s] Level 5:colcon.colcon_core.verb:set package 'gimbalcom_package' build argument 'catkin_skip_building_tests' from command line to 'False'
[0.444s] DEBUG:colcon.colcon_core.verb:Building package 'gimbalcom_package' with the following arguments: {'ament_cmake_args': None, 'build_base': '/home/jakob/Desktop/serial-com/ros_ws/build/gimbalcom_package', 'catkin_cmake_args': None, 'catkin_skip_building_tests': False, 'cmake_args': None, 'cmake_clean_cache': False, 'cmake_clean_first': False, 'cmake_force_configure': False, 'cmake_target': None, 'cmake_target_skip_unavailable': False, 'install_base': '/home/jakob/Desktop/serial-com/ros_ws/install/gimbalcom_package', 'merge_install': False, 'path': '/home/jakob/Desktop/serial-com/ros_ws/src/gimbalcom_package', 'symlink_install': False, 'test_result_base': None}
[0.449s] Level 5:colcon.colcon_core.verb:set package 'pub_package' build argument 'cmake_args' from command line to 'None'
[0.449s] Level 5:colcon.colcon_core.verb:set package 'pub_package' build argument 'cmake_target' from command line to 'None'
[0.449s] Level 5:colcon.colcon_core.verb:set package 'pub_package' build argument 'cmake_target_skip_unavailable' from command line to 'False'
[0.449s] Level 5:colcon.colcon_core.verb:set package 'pub_package' build argument 'cmake_clean_cache' from command line to 'False'
[0.449s] Level 5:colcon.colcon_core.verb:set package 'pub_package' build argument 'cmake_clean_first' from command line to 'False'
[0.449s] Level 5:colcon.colcon_core.verb:set package 'pub_package' build argument 'cmake_force_configure' from command line to 'False'
[0.449s] Level 5:colcon.colcon_core.verb:set package 'pub_package' build argument 'ament_cmake_args' from command line to 'None'
[0.449s] Level 5:colcon.colcon_core.verb:set package 'pub_package' build argument 'catkin_cmake_args' from command line to 'None'
[0.449s] Level 5:colcon.colcon_core.verb:set package 'pub_package' build argument 'catkin_skip_building_tests' from command line to 'False'
[0.449s] DEBUG:colcon.colcon_core.verb:Building package 'pub_package' with the following arguments: {'ament_cmake_args': None, 'build_base': '/home/jakob/Desktop/serial-com/ros_ws/build/pub_package', 'catkin_cmake_args': None, 'catkin_skip_building_tests': False, 'cmake_args': None, 'cmake_clean_cache': False, 'cmake_clean_first': False, 'cmake_force_configure': False, 'cmake_target': None, 'cmake_target_skip_unavailable': False, 'install_base': '/home/jakob/Desktop/serial-com/ros_ws/install/pub_package', 'merge_install': False, 'path': '/home/jakob/Desktop/serial-com/ros_ws/src/pub_package', 'symlink_install': False, 'test_result_base': None}
[0.450s] INFO:colcon.colcon_core.executor:Executing jobs using 'parallel' executor
[0.458s] DEBUG:colcon.colcon_parallel_executor.executor.parallel:run_until_complete
[0.458s] INFO:colcon.colcon_ros.task.ament_cmake.build:Building ROS package in '/home/jakob/Desktop/serial-com/ros_ws/src/gimbalcom_package' with build type 'ament_cmake'
[0.458s] INFO:colcon.colcon_cmake.task.cmake.build:Building CMake package in '/home/jakob/Desktop/serial-com/ros_ws/src/gimbalcom_package'
[0.464s] INFO:colcon.colcon_core.plugin_system:Skipping extension 'colcon_core.shell.bat': Not used on non-Windows systems
[0.464s] INFO:colcon.colcon_core.shell:Skip shell extension 'powershell' for command environment: Not usable outside of PowerShell
[0.464s] DEBUG:colcon.colcon_core.shell:Skip shell extension 'dsv' for command environment
[0.471s] INFO:colcon.colcon_ros.task.ament_cmake.build:Building ROS package in '/home/jakob/Desktop/serial-com/ros_ws/src/pub_package' with build type 'ament_cmake'
[0.471s] INFO:colcon.colcon_cmake.task.cmake.build:Building CMake package in '/home/jakob/Desktop/serial-com/ros_ws/src/pub_package'
[0.475s] INFO:colcon.colcon_core.shell:Skip shell extension 'powershell' for command environment: Not usable outside of PowerShell
[0.475s] DEBUG:colcon.colcon_core.shell:Skip shell extension 'dsv' for command environment
[0.486s] DEBUG:colcon.colcon_core.event_handler.log_command:Invoking command in '/home/jakob/Desktop/serial-com/ros_ws/build/gimbalcom_package': CMAKE_PREFIX_PATH=/opt/ros/foxy /home/jakob/.local/bin/cmake --build /home/jakob/Desktop/serial-com/ros_ws/build/gimbalcom_package -- -j12 -l12
[0.491s] DEBUG:colcon.colcon_core.event_handler.log_command:Invoking command in '/home/jakob/Desktop/serial-com/ros_ws/build/pub_package': CMAKE_PREFIX_PATH=/opt/ros/foxy /home/jakob/.local/bin/cmake --build /home/jakob/Desktop/serial-com/ros_ws/build/pub_package -- -j12 -l12
[0.537s] DEBUG:colcon.colcon_core.event_handler.log_command:Invoked command in '/home/jakob/Desktop/serial-com/ros_ws/build/pub_package' returned '0': CMAKE_PREFIX_PATH=/opt/ros/foxy /home/jakob/.local/bin/cmake --build /home/jakob/Desktop/serial-com/ros_ws/build/pub_package -- -j12 -l12
[0.611s] DEBUG:colcon.colcon_core.event_handler.log_command:Invoking command in '/home/jakob/Desktop/serial-com/ros_ws/build/pub_package': CMAKE_PREFIX_PATH=/opt/ros/foxy /home/jakob/.local/bin/cmake --install /home/jakob/Desktop/serial-com/ros_ws/build/pub_package
[0.637s] Level 1:colcon.colcon_core.environment:create_environment_scripts_only(pub_package)
[0.640s] DEBUG:colcon.colcon_core.event_handler.log_command:Invoked command in '/home/jakob/Desktop/serial-com/ros_ws/build/pub_package' returned '0': CMAKE_PREFIX_PATH=/opt/ros/foxy /home/jakob/.local/bin/cmake --install /home/jakob/Desktop/serial-com/ros_ws/build/pub_package
[0.648s] Level 1:colcon.colcon_core.environment:checking '/home/jakob/Desktop/serial-com/ros_ws/install/pub_package' for CMake module files
[0.648s] Level 1:colcon.colcon_core.environment:checking '/home/jakob/Desktop/serial-com/ros_ws/install/pub_package' for CMake config files
[0.648s] Level 1:colcon.colcon_core.shell:create_environment_hook('pub_package', 'cmake_prefix_path')
[0.651s] INFO:colcon.colcon_core.shell:Creating environment hook '/home/jakob/Desktop/serial-com/ros_ws/install/pub_package/share/pub_package/hook/cmake_prefix_path.ps1'
[0.652s] INFO:colcon.colcon_core.shell:Creating environment descriptor '/home/jakob/Desktop/serial-com/ros_ws/install/pub_package/share/pub_package/hook/cmake_prefix_path.dsv'
[0.652s] INFO:colcon.colcon_core.shell:Creating environment hook '/home/jakob/Desktop/serial-com/ros_ws/install/pub_package/share/pub_package/hook/cmake_prefix_path.sh'
[0.653s] Level 1:colcon.colcon_core.environment:checking '/home/jakob/Desktop/serial-com/ros_ws/install/pub_package/lib'
[0.653s] Level 1:colcon.colcon_core.environment:checking '/home/jakob/Desktop/serial-com/ros_ws/install/pub_package/bin'
[0.653s] Level 1:colcon.colcon_core.environment:checking '/home/jakob/Desktop/serial-com/ros_ws/install/pub_package/lib/pkgconfig/pub_package.pc'
[0.653s] Level 1:colcon.colcon_core.environment:checking '/home/jakob/Desktop/serial-com/ros_ws/install/pub_package/lib/python3.8/site-packages'
[0.653s] Level 1:colcon.colcon_core.environment:checking '/home/jakob/Desktop/serial-com/ros_ws/install/pub_package/bin'
[0.657s] INFO:colcon.colcon_core.shell:Creating package script '/home/jakob/Desktop/serial-com/ros_ws/install/pub_package/share/pub_package/package.ps1'
[0.657s] INFO:colcon.colcon_core.shell:Creating package descriptor '/home/jakob/Desktop/serial-com/ros_ws/install/pub_package/share/pub_package/package.dsv'
[0.657s] INFO:colcon.colcon_core.shell:Creating package script '/home/jakob/Desktop/serial-com/ros_ws/install/pub_package/share/pub_package/package.sh'
[0.658s] INFO:colcon.colcon_core.shell:Creating package script '/home/jakob/Desktop/serial-com/ros_ws/install/pub_package/share/pub_package/package.bash'
[0.658s] INFO:colcon.colcon_core.shell:Creating package script '/home/jakob/Desktop/serial-com/ros_ws/install/pub_package/share/pub_package/package.zsh'
[0.659s] Level 1:colcon.colcon_core.environment:create_file_with_runtime_dependencies(/home/jakob/Desktop/serial-com/ros_ws/install/pub_package/share/colcon-core/packages/pub_package)
[0.704s] Level 1:colcon.colcon_core.environment:create_environment_scripts_only(pub_package)
[0.711s] Level 1:colcon.colcon_core.environment:checking '/home/jakob/Desktop/serial-com/ros_ws/install/pub_package' for CMake module files
[0.712s] Level 1:colcon.colcon_core.environment:checking '/home/jakob/Desktop/serial-com/ros_ws/install/pub_package' for CMake config files
[0.712s] Level 1:colcon.colcon_core.shell:create_environment_hook('pub_package', 'cmake_prefix_path')
[0.715s] INFO:colcon.colcon_core.shell:Creating environment hook '/home/jakob/Desktop/serial-com/ros_ws/install/pub_package/share/pub_package/hook/cmake_prefix_path.ps1'
[0.716s] INFO:colcon.colcon_core.shell:Creating environment descriptor '/home/jakob/Desktop/serial-com/ros_ws/install/pub_package/share/pub_package/hook/cmake_prefix_path.dsv'
[0.716s] INFO:colcon.colcon_core.shell:Creating environment hook '/home/jakob/Desktop/serial-com/ros_ws/install/pub_package/share/pub_package/hook/cmake_prefix_path.sh'
[0.716s] Level 1:colcon.colcon_core.environment:checking '/home/jakob/Desktop/serial-com/ros_ws/install/pub_package/lib'
[0.716s] Level 1:colcon.colcon_core.environment:checking '/home/jakob/Desktop/serial-com/ros_ws/install/pub_package/bin'
[0.716s] Level 1:colcon.colcon_core.environment:checking '/home/jakob/Desktop/serial-com/ros_ws/install/pub_package/lib/pkgconfig/pub_package.pc'
[0.716s] Level 1:colcon.colcon_core.environment:checking '/home/jakob/Desktop/serial-com/ros_ws/install/pub_package/lib/python3.8/site-packages'
[0.716s] Level 1:colcon.colcon_core.environment:checking '/home/jakob/Desktop/serial-com/ros_ws/install/pub_package/bin'
[0.720s] INFO:colcon.colcon_core.shell:Creating package script '/home/jakob/Desktop/serial-com/ros_ws/install/pub_package/share/pub_package/package.ps1'
[0.720s] INFO:colcon.colcon_core.shell:Creating package descriptor '/home/jakob/Desktop/serial-com/ros_ws/install/pub_package/share/pub_package/package.dsv'
[0.720s] INFO:colcon.colcon_core.shell:Creating package script '/home/jakob/Desktop/serial-com/ros_ws/install/pub_package/share/pub_package/package.sh'
[0.721s] INFO:colcon.colcon_core.shell:Creating package script '/home/jakob/Desktop/serial-com/ros_ws/install/pub_package/share/pub_package/package.bash'
[0.721s] INFO:colcon.colcon_core.shell:Creating package script '/home/jakob/Desktop/serial-com/ros_ws/install/pub_package/share/pub_package/package.zsh'
[0.721s] Level 1:colcon.colcon_core.environment:create_file_with_runtime_dependencies(/home/jakob/Desktop/serial-com/ros_ws/install/pub_package/share/colcon-core/packages/pub_package)
[2.220s] DEBUG:colcon.colcon_core.event_handler.log_command:Invoked command in '/home/jakob/Desktop/serial-com/ros_ws/build/gimbalcom_package' returned '2': CMAKE_PREFIX_PATH=/opt/ros/foxy /home/jakob/.local/bin/cmake --build /home/jakob/Desktop/serial-com/ros_ws/build/gimbalcom_package -- -j12 -l12
[2.268s] Level 1:colcon.colcon_core.environment:create_environment_scripts_only(gimbalcom_package)
[2.272s] Level 1:colcon.colcon_core.environment:checking '/home/jakob/Desktop/serial-com/ros_ws/install/gimbalcom_package' for CMake module files
[2.272s] Level 1:colcon.colcon_core.environment:checking '/home/jakob/Desktop/serial-com/ros_ws/install/gimbalcom_package' for CMake config files
[2.273s] Level 1:colcon.colcon_core.shell:create_environment_hook('gimbalcom_package', 'cmake_prefix_path')
[2.276s] INFO:colcon.colcon_core.shell:Creating environment hook '/home/jakob/Desktop/serial-com/ros_ws/install/gimbalcom_package/share/gimbalcom_package/hook/cmake_prefix_path.ps1'
[2.276s] INFO:colcon.colcon_core.shell:Creating environment descriptor '/home/jakob/Desktop/serial-com/ros_ws/install/gimbalcom_package/share/gimbalcom_package/hook/cmake_prefix_path.dsv'
[2.277s] INFO:colcon.colcon_core.shell:Creating environment hook '/home/jakob/Desktop/serial-com/ros_ws/install/gimbalcom_package/share/gimbalcom_package/hook/cmake_prefix_path.sh'
[2.277s] Level 1:colcon.colcon_core.environment:checking '/home/jakob/Desktop/serial-com/ros_ws/install/gimbalcom_package/lib'
[2.277s] Level 1:colcon.colcon_core.environment:checking '/home/jakob/Desktop/serial-com/ros_ws/install/gimbalcom_package/bin'
[2.277s] Level 1:colcon.colcon_core.environment:checking '/home/jakob/Desktop/serial-com/ros_ws/install/gimbalcom_package/lib/pkgconfig/gimbalcom_package.pc'
[2.277s] Level 1:colcon.colcon_core.environment:checking '/home/jakob/Desktop/serial-com/ros_ws/install/gimbalcom_package/lib/python3.8/site-packages'
[2.277s] Level 1:colcon.colcon_core.environment:checking '/home/jakob/Desktop/serial-com/ros_ws/install/gimbalcom_package/bin'
[2.281s] INFO:colcon.colcon_core.shell:Creating package script '/home/jakob/Desktop/serial-com/ros_ws/install/gimbalcom_package/share/gimbalcom_package/package.ps1'
[2.281s] INFO:colcon.colcon_core.shell:Creating package descriptor '/home/jakob/Desktop/serial-com/ros_ws/install/gimbalcom_package/share/gimbalcom_package/package.dsv'
[2.281s] INFO:colcon.colcon_core.shell:Creating package script '/home/jakob/Desktop/serial-com/ros_ws/install/gimbalcom_package/share/gimbalcom_package/package.sh'
[2.281s] INFO:colcon.colcon_core.shell:Creating package script '/home/jakob/Desktop/serial-com/ros_ws/install/gimbalcom_package/share/gimbalcom_package/package.bash'
[2.282s] INFO:colcon.colcon_core.shell:Creating package script '/home/jakob/Desktop/serial-com/ros_ws/install/gimbalcom_package/share/gimbalcom_package/package.zsh'
[2.282s] Level 1:colcon.colcon_core.environment:create_file_with_runtime_dependencies(/home/jakob/Desktop/serial-com/ros_ws/install/gimbalcom_package/share/colcon-core/packages/gimbalcom_package)
[2.292s] DEBUG:colcon.colcon_parallel_executor.executor.parallel:closing loop
[2.292s] DEBUG:colcon.colcon_parallel_executor.executor.parallel:loop closed
[2.292s] DEBUG:colcon.colcon_parallel_executor.executor.parallel:run_until_complete finished with '2'
[2.292s] DEBUG:colcon.colcon_core.event_reactor:joining thread
[2.303s] INFO:colcon.colcon_core.plugin_system:Skipping extension 'colcon_notification.desktop_notification.terminal_notifier': Not used on non-Darwin systems
[2.303s] INFO:colcon.colcon_core.plugin_system:Skipping extension 'colcon_notification.desktop_notification.win32': Not used on non-Windows systems
[2.303s] INFO:colcon.colcon_notification.desktop_notification:Sending desktop notification using 'notify2'
[2.313s] DEBUG:colcon.colcon_core.event_reactor:joined thread
[2.320s] INFO:colcon.colcon_core.shell:Creating prefix script '/home/jakob/Desktop/serial-com/ros_ws/install/local_setup.ps1'
[2.321s] INFO:colcon.colcon_core.shell:Creating prefix util module '/home/jakob/Desktop/serial-com/ros_ws/install/_local_setup_util_ps1.py'
[2.322s] INFO:colcon.colcon_core.shell:Creating prefix chain script '/home/jakob/Desktop/serial-com/ros_ws/install/setup.ps1'
[2.325s] INFO:colcon.colcon_core.shell:Creating prefix script '/home/jakob/Desktop/serial-com/ros_ws/install/local_setup.sh'
[2.325s] INFO:colcon.colcon_core.shell:Creating prefix util module '/home/jakob/Desktop/serial-com/ros_ws/install/_local_setup_util_sh.py'
[2.325s] INFO:colcon.colcon_core.shell:Creating prefix chain script '/home/jakob/Desktop/serial-com/ros_ws/install/setup.sh'
[2.328s] INFO:colcon.colcon_core.shell:Creating prefix script '/home/jakob/Desktop/serial-com/ros_ws/install/local_setup.bash'
[2.328s] INFO:colcon.colcon_core.shell:Creating prefix chain script '/home/jakob/Desktop/serial-com/ros_ws/install/setup.bash'
[2.331s] INFO:colcon.colcon_core.shell:Creating prefix script '/home/jakob/Desktop/serial-com/ros_ws/install/local_setup.zsh'
[2.331s] INFO:colcon.colcon_core.shell:Creating prefix chain script '/home/jakob/Desktop/serial-com/ros_ws/install/setup.zsh'
