[0.046s] Invoking command in '/home/jakob/Desktop/serial-com/ros_ws/build/gimbalcom_package': CMAKE_PREFIX_PATH=${CMAKE_PREFIX_PATH}:/opt/ros/foxy /home/jakob/.local/bin/cmake --build /home/jakob/Desktop/serial-com/ros_ws/build/gimbalcom_package -- -j12 -l12
[0.098s] [ 50%] [32mBuilding CXX object CMakeFiles/gimbalcom.dir/src/com_node.cpp.o[0m
[3.281s] [100%] [32m[1mLinking CXX executable gimbalcom[0m
[3.417s] [100%] Built target gimbalcom
[3.424s] Invoked command in '/home/jakob/Desktop/serial-com/ros_ws/build/gimbalcom_package' returned '0': CMAKE_PREFIX_PATH=${CMAKE_PREFIX_PATH}:/opt/ros/foxy /home/jakob/.local/bin/cmake --build /home/jakob/Desktop/serial-com/ros_ws/build/gimbalcom_package -- -j12 -l12
[3.468s] Invoking command in '/home/jakob/Desktop/serial-com/ros_ws/build/gimbalcom_package': CMAKE_PREFIX_PATH=${CMAKE_PREFIX_PATH}:/opt/ros/foxy /home/jakob/.local/bin/cmake --install /home/jakob/Desktop/serial-com/ros_ws/build/gimbalcom_package
[3.491s] -- Install configuration: ""
[3.491s] -- Installing: /home/jakob/Desktop/serial-com/ros_ws/install/gimbalcom_package/lib/gimbalcom_package/gimbalcom
[3.493s] -- Set runtime path of "/home/jakob/Desktop/serial-com/ros_ws/install/gimbalcom_package/lib/gimbalcom_package/gimbalcom" to ""
[3.493s] -- Up-to-date: /home/jakob/Desktop/serial-com/ros_ws/install/gimbalcom_package/share/ament_index/resource_index/package_run_dependencies/gimbalcom_package
[3.493s] -- Up-to-date: /home/jakob/Desktop/serial-com/ros_ws/install/gimbalcom_package/share/ament_index/resource_index/parent_prefix_path/gimbalcom_package
[3.494s] -- Up-to-date: /home/jakob/Desktop/serial-com/ros_ws/install/gimbalcom_package/share/gimbalcom_package/environment/ament_prefix_path.sh
[3.494s] -- Up-to-date: /home/jakob/Desktop/serial-com/ros_ws/install/gimbalcom_package/share/gimbalcom_package/environment/ament_prefix_path.dsv
[3.494s] -- Up-to-date: /home/jakob/Desktop/serial-com/ros_ws/install/gimbalcom_package/share/gimbalcom_package/environment/path.sh
[3.494s] -- Up-to-date: /home/jakob/Desktop/serial-com/ros_ws/install/gimbalcom_package/share/gimbalcom_package/environment/path.dsv
[3.494s] -- Up-to-date: /home/jakob/Desktop/serial-com/ros_ws/install/gimbalcom_package/share/gimbalcom_package/local_setup.bash
[3.494s] -- Up-to-date: /home/jakob/Desktop/serial-com/ros_ws/install/gimbalcom_package/share/gimbalcom_package/local_setup.sh
[3.495s] -- Up-to-date: /home/jakob/Desktop/serial-com/ros_ws/install/gimbalcom_package/share/gimbalcom_package/local_setup.zsh
[3.495s] -- Up-to-date: /home/jakob/Desktop/serial-com/ros_ws/install/gimbalcom_package/share/gimbalcom_package/local_setup.dsv
[3.495s] -- Installing: /home/jakob/Desktop/serial-com/ros_ws/install/gimbalcom_package/share/gimbalcom_package/package.dsv
[3.495s] -- Up-to-date: /home/jakob/Desktop/serial-com/ros_ws/install/gimbalcom_package/share/ament_index/resource_index/packages/gimbalcom_package
[3.495s] -- Up-to-date: /home/jakob/Desktop/serial-com/ros_ws/install/gimbalcom_package/share/gimbalcom_package/cmake/gimbalcom_packageConfig.cmake
[3.495s] -- Up-to-date: /home/jakob/Desktop/serial-com/ros_ws/install/gimbalcom_package/share/gimbalcom_package/cmake/gimbalcom_packageConfig-version.cmake
[3.495s] -- Up-to-date: /home/jakob/Desktop/serial-com/ros_ws/install/gimbalcom_package/share/gimbalcom_package/package.xml
[3.498s] Invoked command in '/home/jakob/Desktop/serial-com/ros_ws/build/gimbalcom_package' returned '0': CMAKE_PREFIX_PATH=${CMAKE_PREFIX_PATH}:/opt/ros/foxy /home/jakob/.local/bin/cmake --install /home/jakob/Desktop/serial-com/ros_ws/build/gimbalcom_package
