[0.013s] Invoking command in '/home/jakob/Desktop/serial-com/ros_ws/build/pub_package': CMAKE_PREFIX_PATH=/opt/ros/foxy /home/jakob/.local/bin/cmake --build /home/jakob/Desktop/serial-com/ros_ws/build/pub_package -- -j12 -l12
[0.053s] [100%] Built target commander
[0.059s] Invoked command in '/home/jakob/Desktop/serial-com/ros_ws/build/pub_package' returned '0': CMAKE_PREFIX_PATH=/opt/ros/foxy /home/jakob/.local/bin/cmake --build /home/jakob/Desktop/serial-com/ros_ws/build/pub_package -- -j12 -l12
[0.134s] Invoking command in '/home/jakob/Desktop/serial-com/ros_ws/build/pub_package': CMAKE_PREFIX_PATH=/opt/ros/foxy /home/jakob/.local/bin/cmake --install /home/jakob/Desktop/serial-com/ros_ws/build/pub_package
[0.155s] -- Install configuration: ""
[0.155s] -- Up-to-date: /home/jakob/Desktop/serial-com/ros_ws/install/pub_package/lib/pub_package/commander
[0.155s] -- Up-to-date: /home/jakob/Desktop/serial-com/ros_ws/install/pub_package/share/ament_index/resource_index/package_run_dependencies/pub_package
[0.155s] -- Up-to-date: /home/jakob/Desktop/serial-com/ros_ws/install/pub_package/share/ament_index/resource_index/parent_prefix_path/pub_package
[0.155s] -- Up-to-date: /home/jakob/Desktop/serial-com/ros_ws/install/pub_package/share/pub_package/environment/ament_prefix_path.sh
[0.156s] -- Up-to-date: /home/jakob/Desktop/serial-com/ros_ws/install/pub_package/share/pub_package/environment/ament_prefix_path.dsv
[0.156s] -- Up-to-date: /home/jakob/Desktop/serial-com/ros_ws/install/pub_package/share/pub_package/environment/path.sh
[0.156s] -- Up-to-date: /home/jakob/Desktop/serial-com/ros_ws/install/pub_package/share/pub_package/environment/path.dsv
[0.156s] -- Up-to-date: /home/jakob/Desktop/serial-com/ros_ws/install/pub_package/share/pub_package/local_setup.bash
[0.156s] -- Up-to-date: /home/jakob/Desktop/serial-com/ros_ws/install/pub_package/share/pub_package/local_setup.sh
[0.156s] -- Up-to-date: /home/jakob/Desktop/serial-com/ros_ws/install/pub_package/share/pub_package/local_setup.zsh
[0.156s] -- Up-to-date: /home/jakob/Desktop/serial-com/ros_ws/install/pub_package/share/pub_package/local_setup.dsv
[0.156s] -- Installing: /home/jakob/Desktop/serial-com/ros_ws/install/pub_package/share/pub_package/package.dsv
[0.156s] -- Up-to-date: /home/jakob/Desktop/serial-com/ros_ws/install/pub_package/share/ament_index/resource_index/packages/pub_package
[0.156s] -- Up-to-date: /home/jakob/Desktop/serial-com/ros_ws/install/pub_package/share/pub_package/cmake/pub_packageConfig.cmake
[0.156s] -- Up-to-date: /home/jakob/Desktop/serial-com/ros_ws/install/pub_package/share/pub_package/cmake/pub_packageConfig-version.cmake
[0.157s] -- Up-to-date: /home/jakob/Desktop/serial-com/ros_ws/install/pub_package/share/pub_package/package.xml
[0.162s] Invoked command in '/home/jakob/Desktop/serial-com/ros_ws/build/pub_package' returned '0': CMAKE_PREFIX_PATH=/opt/ros/foxy /home/jakob/.local/bin/cmake --install /home/jakob/Desktop/serial-com/ros_ws/build/pub_package
