[0.347s] DEBUG:colcon:Command line arguments: ['/home/jakob/.local/bin/colcon', 'build']
[0.347s] DEBUG:colcon:Parsed command line arguments: Namespace(allow_overriding=[], ament_cmake_args=None, base_paths=['.'], build_base='build', catkin_cmake_args=None, catkin_skip_building_tests=False, cmake_args=None, cmake_clean_cache=False, cmake_clean_first=False, cmake_force_configure=False, cmake_target=None, cmake_target_skip_unavailable=False, continue_on_error=False, event_handlers=None, executor='parallel', ignore_user_meta=False, install_base='install', log_base=None, log_level=None, main=<bound method BuildVerb.main of <colcon_core.verb.build.BuildVerb object at 0x7fd22f2c4dc0>>, merge_install=False, metas=['./colcon.meta'], packages_above=None, packages_above_and_dependencies=None, packages_above_depth=None, packages_end=None, packages_ignore=None, packages_ignore_regex=None, packages_select=None, packages_select_build_failed=False, packages_select_by_dep=None, packages_select_regex=None, packages_select_test_failures=False, packages_skip=None, packages_skip_build_finished=False, packages_skip_by_dep=None, packages_skip_regex=None, packages_skip_test_passed=False, packages_skip_up_to=None, packages_start=None, packages_up_to=None, packages_up_to_regex=None, parallel_workers=12, paths=None, symlink_install=False, test_result_base=None, verb_extension=<colcon_core.verb.build.BuildVerb object at 0x7fd22f2c4dc0>, verb_name='build', verb_parser=<colcon_defaults.argument_parser.defaults.DefaultArgumentsDecorator object at 0x7fd22f2c0fa0>)
[0.367s] Level 1:colcon.colcon_core.package_discovery:discover_packages(colcon_meta) check parameters
[0.367s] Level 1:colcon.colcon_core.package_discovery:discover_packages(recursive) check parameters
[0.367s] Level 1:colcon.colcon_core.package_discovery:discover_packages(ignore) check parameters
[0.367s] Level 1:colcon.colcon_core.package_discovery:discover_packages(path) check parameters
[0.367s] Level 1:colcon.colcon_core.package_discovery:discover_packages(colcon_meta) discover
[0.367s] Level 1:colcon.colcon_core.package_discovery:discover_packages(recursive) discover
[0.367s] INFO:colcon.colcon_core.package_discovery:Crawling recursively for packages in '/home/jakob/Desktop/serial-com/ros_ws'
[0.367s] Level 1:colcon.colcon_core.package_identification:_identify(.) by extensions ['ignore', 'ignore_ament_install']
[0.367s] Level 1:colcon.colcon_core.package_identification:_identify(.) by extension 'ignore'
[0.367s] Level 1:colcon.colcon_core.package_identification:_identify(.) by extension 'ignore_ament_install'
[0.367s] Level 1:colcon.colcon_core.package_identification:_identify(.) by extensions ['colcon_pkg']
[0.367s] Level 1:colcon.colcon_core.package_identification:_identify(.) by extension 'colcon_pkg'
[0.367s] Level 1:colcon.colcon_core.package_identification:_identify(.) by extensions ['colcon_meta']
[0.368s] Level 1:colcon.colcon_core.package_identification:_identify(.) by extension 'colcon_meta'
[0.368s] Level 1:colcon.colcon_core.package_identification:_identify(.) by extensions ['ros']
[0.368s] Level 1:colcon.colcon_core.package_identification:_identify(.) by extension 'ros'
[0.374s] Level 1:colcon.colcon_core.package_identification:_identify(.) by extensions ['cmake', 'python']
[0.374s] Level 1:colcon.colcon_core.package_identification:_identify(.) by extension 'cmake'
[0.374s] Level 1:colcon.colcon_core.package_identification:_identify(.) by extension 'python'
[0.374s] Level 1:colcon.colcon_core.package_identification:_identify(.) by extensions ['python_setup_py']
[0.374s] Level 1:colcon.colcon_core.package_identification:_identify(.) by extension 'python_setup_py'
[0.374s] Level 1:colcon.colcon_core.package_identification:_identify(build) by extensions ['ignore', 'ignore_ament_install']
[0.374s] Level 1:colcon.colcon_core.package_identification:_identify(build) by extension 'ignore'
[0.374s] Level 1:colcon.colcon_core.package_identification:_identify(build) ignored
[0.374s] Level 1:colcon.colcon_core.package_identification:_identify(install) by extensions ['ignore', 'ignore_ament_install']
[0.374s] Level 1:colcon.colcon_core.package_identification:_identify(install) by extension 'ignore'
[0.374s] Level 1:colcon.colcon_core.package_identification:_identify(install) ignored
[0.374s] Level 1:colcon.colcon_core.package_identification:_identify(log) by extensions ['ignore', 'ignore_ament_install']
[0.374s] Level 1:colcon.colcon_core.package_identification:_identify(log) by extension 'ignore'
[0.374s] Level 1:colcon.colcon_core.package_identification:_identify(log) ignored
[0.374s] Level 1:colcon.colcon_core.package_identification:_identify(src) by extensions ['ignore', 'ignore_ament_install']
[0.375s] Level 1:colcon.colcon_core.package_identification:_identify(src) by extension 'ignore'
[0.375s] Level 1:colcon.colcon_core.package_identification:_identify(src) by extension 'ignore_ament_install'
[0.375s] Level 1:colcon.colcon_core.package_identification:_identify(src) by extensions ['colcon_pkg']
[0.375s] Level 1:colcon.colcon_core.package_identification:_identify(src) by extension 'colcon_pkg'
[0.375s] Level 1:colcon.colcon_core.package_identification:_identify(src) by extensions ['colcon_meta']
[0.375s] Level 1:colcon.colcon_core.package_identification:_identify(src) by extension 'colcon_meta'
[0.375s] Level 1:colcon.colcon_core.package_identification:_identify(src) by extensions ['ros']
[0.375s] Level 1:colcon.colcon_core.package_identification:_identify(src) by extension 'ros'
[0.375s] Level 1:colcon.colcon_core.package_identification:_identify(src) by extensions ['cmake', 'python']
[0.375s] Level 1:colcon.colcon_core.package_identification:_identify(src) by extension 'cmake'
[0.375s] Level 1:colcon.colcon_core.package_identification:_identify(src) by extension 'python'
[0.375s] Level 1:colcon.colcon_core.package_identification:_identify(src) by extensions ['python_setup_py']
[0.375s] Level 1:colcon.colcon_core.package_identification:_identify(src) by extension 'python_setup_py'
[0.375s] Level 1:colcon.colcon_core.package_identification:_identify(src/gimbalcom_package) by extensions ['ignore', 'ignore_ament_install']
[0.375s] Level 1:colcon.colcon_core.package_identification:_identify(src/gimbalcom_package) by extension 'ignore'
[0.375s] Level 1:colcon.colcon_core.package_identification:_identify(src/gimbalcom_package) by extension 'ignore_ament_install'
[0.375s] Level 1:colcon.colcon_core.package_identification:_identify(src/gimbalcom_package) by extensions ['colcon_pkg']
[0.375s] Level 1:colcon.colcon_core.package_identification:_identify(src/gimbalcom_package) by extension 'colcon_pkg'
[0.375s] Level 1:colcon.colcon_core.package_identification:_identify(src/gimbalcom_package) by extensions ['colcon_meta']
[0.375s] Level 1:colcon.colcon_core.package_identification:_identify(src/gimbalcom_package) by extension 'colcon_meta'
[0.375s] Level 1:colcon.colcon_core.package_identification:_identify(src/gimbalcom_package) by extensions ['ros']
[0.375s] Level 1:colcon.colcon_core.package_identification:_identify(src/gimbalcom_package) by extension 'ros'
[0.377s] DEBUG:colcon.colcon_core.package_identification:Package 'src/gimbalcom_package' with type 'ros.ament_cmake' and name 'gimbalcom_package'
[0.377s] Level 1:colcon.colcon_core.package_identification:_identify(src/pub_package) by extensions ['ignore', 'ignore_ament_install']
[0.377s] Level 1:colcon.colcon_core.package_identification:_identify(src/pub_package) by extension 'ignore'
[0.377s] Level 1:colcon.colcon_core.package_identification:_identify(src/pub_package) by extension 'ignore_ament_install'
[0.377s] Level 1:colcon.colcon_core.package_identification:_identify(src/pub_package) by extensions ['colcon_pkg']
[0.377s] Level 1:colcon.colcon_core.package_identification:_identify(src/pub_package) by extension 'colcon_pkg'
[0.377s] Level 1:colcon.colcon_core.package_identification:_identify(src/pub_package) by extensions ['colcon_meta']
[0.377s] Level 1:colcon.colcon_core.package_identification:_identify(src/pub_package) by extension 'colcon_meta'
[0.377s] Level 1:colcon.colcon_core.package_identification:_identify(src/pub_package) by extensions ['ros']
[0.377s] Level 1:colcon.colcon_core.package_identification:_identify(src/pub_package) by extension 'ros'
[0.377s] DEBUG:colcon.colcon_core.package_identification:Package 'src/pub_package' with type 'ros.ament_cmake' and name 'pub_package'
[0.377s] Level 1:colcon.colcon_core.package_discovery:discover_packages(recursive) using defaults
[0.377s] Level 1:colcon.colcon_core.package_discovery:discover_packages(ignore) discover
[0.377s] Level 1:colcon.colcon_core.package_discovery:discover_packages(ignore) using defaults
[0.377s] Level 1:colcon.colcon_core.package_discovery:discover_packages(path) discover
[0.377s] Level 1:colcon.colcon_core.package_discovery:discover_packages(path) using defaults
[0.397s] Level 1:colcon.colcon_core.package_discovery:discover_packages(prefix_path) check parameters
[0.397s] Level 1:colcon.colcon_core.package_discovery:discover_packages(prefix_path) discover
[0.403s] DEBUG:colcon.colcon_installed_package_information.package_discovery:Found 2 installed packages in /home/jakob/Desktop/serial-com/ros_ws/install
[0.405s] DEBUG:colcon.colcon_installed_package_information.package_discovery:Found 0 installed packages in /home/jakob/colcon_ws/install
[0.408s] DEBUG:colcon.colcon_installed_package_information.package_discovery:Found 256 installed packages in /opt/ros/foxy
[0.408s] Level 1:colcon.colcon_core.package_discovery:discover_packages(prefix_path) using defaults
[0.455s] Level 5:colcon.colcon_core.verb:set package 'gimbalcom_package' build argument 'cmake_args' from command line to 'None'
[0.455s] Level 5:colcon.colcon_core.verb:set package 'gimbalcom_package' build argument 'cmake_target' from command line to 'None'
[0.455s] Level 5:colcon.colcon_core.verb:set package 'gimbalcom_package' build argument 'cmake_target_skip_unavailable' from command line to 'False'
[0.455s] Level 5:colcon.colcon_core.verb:set package 'gimbalcom_package' build argument 'cmake_clean_cache' from command line to 'False'
[0.455s] Level 5:colcon.colcon_core.verb:set package 'gimbalcom_package' build argument 'cmake_clean_first' from command line to 'False'
[0.455s] Level 5:colcon.colcon_core.verb:set package 'gimbalcom_package' build argument 'cmake_force_configure' from command line to 'False'
[0.455s] Level 5:colcon.colcon_core.verb:set package 'gimbalcom_package' build argument 'ament_cmake_args' from command line to 'None'
[0.455s] Level 5:colcon.colcon_core.verb:set package 'gimbalcom_package' build argument 'catkin_cmake_args' from command line to 'None'
[0.455s] Level 5:colcon.colcon_core.verb:set package 'gimbalcom_package' build argument 'catkin_skip_building_tests' from command line to 'False'
[0.455s] DEBUG:colcon.colcon_core.verb:Building package 'gimbalcom_package' with the following arguments: {'ament_cmake_args': None, 'build_base': '/home/jakob/Desktop/serial-com/ros_ws/build/gimbalcom_package', 'catkin_cmake_args': None, 'catkin_skip_building_tests': False, 'cmake_args': None, 'cmake_clean_cache': False, 'cmake_clean_first': False, 'cmake_force_configure': False, 'cmake_target': None, 'cmake_target_skip_unavailable': False, 'install_base': '/home/jakob/Desktop/serial-com/ros_ws/install/gimbalcom_package', 'merge_install': False, 'path': '/home/jakob/Desktop/serial-com/ros_ws/src/gimbalcom_package', 'symlink_install': False, 'test_result_base': None}
[0.460s] Level 5:colcon.colcon_core.verb:set package 'pub_package' build argument 'cmake_args' from command line to 'None'
[0.460s] Level 5:colcon.colcon_core.verb:set package 'pub_package' build argument 'cmake_target' from command line to 'None'
[0.460s] Level 5:colcon.colcon_core.verb:set package 'pub_package' build argument 'cmake_target_skip_unavailable' from command line to 'False'
[0.460s] Level 5:colcon.colcon_core.verb:set package 'pub_package' build argument 'cmake_clean_cache' from command line to 'False'
[0.460s] Level 5:colcon.colcon_core.verb:set package 'pub_package' build argument 'cmake_clean_first' from command line to 'False'
[0.460s] Level 5:colcon.colcon_core.verb:set package 'pub_package' build argument 'cmake_force_configure' from command line to 'False'
[0.460s] Level 5:colcon.colcon_core.verb:set package 'pub_package' build argument 'ament_cmake_args' from command line to 'None'
[0.460s] Level 5:colcon.colcon_core.verb:set package 'pub_package' build argument 'catkin_cmake_args' from command line to 'None'
[0.460s] Level 5:colcon.colcon_core.verb:set package 'pub_package' build argument 'catkin_skip_building_tests' from command line to 'False'
[0.460s] DEBUG:colcon.colcon_core.verb:Building package 'pub_package' with the following arguments: {'ament_cmake_args': None, 'build_base': '/home/jakob/Desktop/serial-com/ros_ws/build/pub_package', 'catkin_cmake_args': None, 'catkin_skip_building_tests': False, 'cmake_args': None, 'cmake_clean_cache': False, 'cmake_clean_first': False, 'cmake_force_configure': False, 'cmake_target': None, 'cmake_target_skip_unavailable': False, 'install_base': '/home/jakob/Desktop/serial-com/ros_ws/install/pub_package', 'merge_install': False, 'path': '/home/jakob/Desktop/serial-com/ros_ws/src/pub_package', 'symlink_install': False, 'test_result_base': None}
[0.461s] INFO:colcon.colcon_core.executor:Executing jobs using 'parallel' executor
[0.472s] DEBUG:colcon.colcon_parallel_executor.executor.parallel:run_until_complete
[0.473s] INFO:colcon.colcon_ros.task.ament_cmake.build:Building ROS package in '/home/jakob/Desktop/serial-com/ros_ws/src/gimbalcom_package' with build type 'ament_cmake'
[0.473s] INFO:colcon.colcon_cmake.task.cmake.build:Building CMake package in '/home/jakob/Desktop/serial-com/ros_ws/src/gimbalcom_package'
[0.478s] INFO:colcon.colcon_core.plugin_system:Skipping extension 'colcon_core.shell.bat': Not used on non-Windows systems
[0.478s] INFO:colcon.colcon_core.shell:Skip shell extension 'powershell' for command environment: Not usable outside of PowerShell
[0.478s] DEBUG:colcon.colcon_core.shell:Skip shell extension 'dsv' for command environment
[0.489s] INFO:colcon.colcon_ros.task.ament_cmake.build:Building ROS package in '/home/jakob/Desktop/serial-com/ros_ws/src/pub_package' with build type 'ament_cmake'
[0.490s] INFO:colcon.colcon_cmake.task.cmake.build:Building CMake package in '/home/jakob/Desktop/serial-com/ros_ws/src/pub_package'
[0.493s] INFO:colcon.colcon_core.shell:Skip shell extension 'powershell' for command environment: Not usable outside of PowerShell
[0.493s] DEBUG:colcon.colcon_core.shell:Skip shell extension 'dsv' for command environment
[0.509s] DEBUG:colcon.colcon_core.event_handler.log_command:Invoking command in '/home/jakob/Desktop/serial-com/ros_ws/build/gimbalcom_package': CMAKE_PREFIX_PATH=${CMAKE_PREFIX_PATH}:/opt/ros/foxy /home/jakob/.local/bin/cmake --build /home/jakob/Desktop/serial-com/ros_ws/build/gimbalcom_package -- -j12 -l12
[0.512s] DEBUG:colcon.colcon_core.event_handler.log_command:Invoking command in '/home/jakob/Desktop/serial-com/ros_ws/build/pub_package': CMAKE_PREFIX_PATH=${CMAKE_PREFIX_PATH}:/opt/ros/foxy /home/jakob/.local/bin/cmake --build /home/jakob/Desktop/serial-com/ros_ws/build/pub_package -- -j12 -l12
[0.556s] DEBUG:colcon.colcon_core.event_handler.log_command:Invoked command in '/home/jakob/Desktop/serial-com/ros_ws/build/pub_package' returned '0': CMAKE_PREFIX_PATH=${CMAKE_PREFIX_PATH}:/opt/ros/foxy /home/jakob/.local/bin/cmake --build /home/jakob/Desktop/serial-com/ros_ws/build/pub_package -- -j12 -l12
[0.625s] DEBUG:colcon.colcon_core.event_handler.log_command:Invoking command in '/home/jakob/Desktop/serial-com/ros_ws/build/pub_package': CMAKE_PREFIX_PATH=${CMAKE_PREFIX_PATH}:/opt/ros/foxy /home/jakob/.local/bin/cmake --install /home/jakob/Desktop/serial-com/ros_ws/build/pub_package
[0.651s] Level 1:colcon.colcon_core.environment:create_environment_scripts_only(pub_package)
[0.654s] DEBUG:colcon.colcon_core.event_handler.log_command:Invoked command in '/home/jakob/Desktop/serial-com/ros_ws/build/pub_package' returned '0': CMAKE_PREFIX_PATH=${CMAKE_PREFIX_PATH}:/opt/ros/foxy /home/jakob/.local/bin/cmake --install /home/jakob/Desktop/serial-com/ros_ws/build/pub_package
[0.662s] Level 1:colcon.colcon_core.environment:checking '/home/jakob/Desktop/serial-com/ros_ws/install/pub_package' for CMake module files
[0.662s] Level 1:colcon.colcon_core.environment:checking '/home/jakob/Desktop/serial-com/ros_ws/install/pub_package' for CMake config files
[0.663s] Level 1:colcon.colcon_core.shell:create_environment_hook('pub_package', 'cmake_prefix_path')
[0.666s] INFO:colcon.colcon_core.shell:Creating environment hook '/home/jakob/Desktop/serial-com/ros_ws/install/pub_package/share/pub_package/hook/cmake_prefix_path.ps1'
[0.667s] INFO:colcon.colcon_core.shell:Creating environment descriptor '/home/jakob/Desktop/serial-com/ros_ws/install/pub_package/share/pub_package/hook/cmake_prefix_path.dsv'
[0.667s] INFO:colcon.colcon_core.shell:Creating environment hook '/home/jakob/Desktop/serial-com/ros_ws/install/pub_package/share/pub_package/hook/cmake_prefix_path.sh'
[0.667s] Level 1:colcon.colcon_core.environment:checking '/home/jakob/Desktop/serial-com/ros_ws/install/pub_package/lib'
[0.668s] Level 1:colcon.colcon_core.environment:checking '/home/jakob/Desktop/serial-com/ros_ws/install/pub_package/bin'
[0.668s] Level 1:colcon.colcon_core.environment:checking '/home/jakob/Desktop/serial-com/ros_ws/install/pub_package/lib/pkgconfig/pub_package.pc'
[0.668s] Level 1:colcon.colcon_core.environment:checking '/home/jakob/Desktop/serial-com/ros_ws/install/pub_package/lib/python3.8/site-packages'
[0.668s] Level 1:colcon.colcon_core.environment:checking '/home/jakob/Desktop/serial-com/ros_ws/install/pub_package/bin'
[0.671s] INFO:colcon.colcon_core.shell:Creating package script '/home/jakob/Desktop/serial-com/ros_ws/install/pub_package/share/pub_package/package.ps1'
[0.672s] INFO:colcon.colcon_core.shell:Creating package descriptor '/home/jakob/Desktop/serial-com/ros_ws/install/pub_package/share/pub_package/package.dsv'
[0.672s] INFO:colcon.colcon_core.shell:Creating package script '/home/jakob/Desktop/serial-com/ros_ws/install/pub_package/share/pub_package/package.sh'
[0.672s] INFO:colcon.colcon_core.shell:Creating package script '/home/jakob/Desktop/serial-com/ros_ws/install/pub_package/share/pub_package/package.bash'
[0.673s] INFO:colcon.colcon_core.shell:Creating package script '/home/jakob/Desktop/serial-com/ros_ws/install/pub_package/share/pub_package/package.zsh'
[0.673s] Level 1:colcon.colcon_core.environment:create_file_with_runtime_dependencies(/home/jakob/Desktop/serial-com/ros_ws/install/pub_package/share/colcon-core/packages/pub_package)
[0.717s] Level 1:colcon.colcon_core.environment:create_environment_scripts_only(pub_package)
[0.724s] Level 1:colcon.colcon_core.environment:checking '/home/jakob/Desktop/serial-com/ros_ws/install/pub_package' for CMake module files
[0.724s] Level 1:colcon.colcon_core.environment:checking '/home/jakob/Desktop/serial-com/ros_ws/install/pub_package' for CMake config files
[0.724s] Level 1:colcon.colcon_core.shell:create_environment_hook('pub_package', 'cmake_prefix_path')
[0.729s] INFO:colcon.colcon_core.shell:Creating environment hook '/home/jakob/Desktop/serial-com/ros_ws/install/pub_package/share/pub_package/hook/cmake_prefix_path.ps1'
[0.729s] INFO:colcon.colcon_core.shell:Creating environment descriptor '/home/jakob/Desktop/serial-com/ros_ws/install/pub_package/share/pub_package/hook/cmake_prefix_path.dsv'
[0.730s] INFO:colcon.colcon_core.shell:Creating environment hook '/home/jakob/Desktop/serial-com/ros_ws/install/pub_package/share/pub_package/hook/cmake_prefix_path.sh'
[0.730s] Level 1:colcon.colcon_core.environment:checking '/home/jakob/Desktop/serial-com/ros_ws/install/pub_package/lib'
[0.730s] Level 1:colcon.colcon_core.environment:checking '/home/jakob/Desktop/serial-com/ros_ws/install/pub_package/bin'
[0.730s] Level 1:colcon.colcon_core.environment:checking '/home/jakob/Desktop/serial-com/ros_ws/install/pub_package/lib/pkgconfig/pub_package.pc'
[0.730s] Level 1:colcon.colcon_core.environment:checking '/home/jakob/Desktop/serial-com/ros_ws/install/pub_package/lib/python3.8/site-packages'
[0.730s] Level 1:colcon.colcon_core.environment:checking '/home/jakob/Desktop/serial-com/ros_ws/install/pub_package/bin'
[0.734s] INFO:colcon.colcon_core.shell:Creating package script '/home/jakob/Desktop/serial-com/ros_ws/install/pub_package/share/pub_package/package.ps1'
[0.734s] INFO:colcon.colcon_core.shell:Creating package descriptor '/home/jakob/Desktop/serial-com/ros_ws/install/pub_package/share/pub_package/package.dsv'
[0.734s] INFO:colcon.colcon_core.shell:Creating package script '/home/jakob/Desktop/serial-com/ros_ws/install/pub_package/share/pub_package/package.sh'
[0.734s] INFO:colcon.colcon_core.shell:Creating package script '/home/jakob/Desktop/serial-com/ros_ws/install/pub_package/share/pub_package/package.bash'
[0.735s] INFO:colcon.colcon_core.shell:Creating package script '/home/jakob/Desktop/serial-com/ros_ws/install/pub_package/share/pub_package/package.zsh'
[0.735s] Level 1:colcon.colcon_core.environment:create_file_with_runtime_dependencies(/home/jakob/Desktop/serial-com/ros_ws/install/pub_package/share/colcon-core/packages/pub_package)
[3.704s] DEBUG:colcon.colcon_core.event_handler.log_command:Invoked command in '/home/jakob/Desktop/serial-com/ros_ws/build/gimbalcom_package' returned '0': CMAKE_PREFIX_PATH=${CMAKE_PREFIX_PATH}:/opt/ros/foxy /home/jakob/.local/bin/cmake --build /home/jakob/Desktop/serial-com/ros_ws/build/gimbalcom_package -- -j12 -l12
[3.750s] DEBUG:colcon.colcon_core.event_handler.log_command:Invoking command in '/home/jakob/Desktop/serial-com/ros_ws/build/gimbalcom_package': CMAKE_PREFIX_PATH=${CMAKE_PREFIX_PATH}:/opt/ros/foxy /home/jakob/.local/bin/cmake --install /home/jakob/Desktop/serial-com/ros_ws/build/gimbalcom_package
[3.779s] Level 1:colcon.colcon_core.environment:create_environment_scripts_only(gimbalcom_package)
[3.788s] Level 1:colcon.colcon_core.environment:checking '/home/jakob/Desktop/serial-com/ros_ws/install/gimbalcom_package' for CMake module files
[3.788s] DEBUG:colcon.colcon_core.event_handler.log_command:Invoked command in '/home/jakob/Desktop/serial-com/ros_ws/build/gimbalcom_package' returned '0': CMAKE_PREFIX_PATH=${CMAKE_PREFIX_PATH}:/opt/ros/foxy /home/jakob/.local/bin/cmake --install /home/jakob/Desktop/serial-com/ros_ws/build/gimbalcom_package
[3.789s] Level 1:colcon.colcon_core.environment:checking '/home/jakob/Desktop/serial-com/ros_ws/install/gimbalcom_package' for CMake config files
[3.789s] Level 1:colcon.colcon_core.shell:create_environment_hook('gimbalcom_package', 'cmake_prefix_path')
[3.795s] INFO:colcon.colcon_core.shell:Creating environment hook '/home/jakob/Desktop/serial-com/ros_ws/install/gimbalcom_package/share/gimbalcom_package/hook/cmake_prefix_path.ps1'
[3.795s] INFO:colcon.colcon_core.shell:Creating environment descriptor '/home/jakob/Desktop/serial-com/ros_ws/install/gimbalcom_package/share/gimbalcom_package/hook/cmake_prefix_path.dsv'
[3.795s] INFO:colcon.colcon_core.shell:Creating environment hook '/home/jakob/Desktop/serial-com/ros_ws/install/gimbalcom_package/share/gimbalcom_package/hook/cmake_prefix_path.sh'
[3.796s] Level 1:colcon.colcon_core.environment:checking '/home/jakob/Desktop/serial-com/ros_ws/install/gimbalcom_package/lib'
[3.796s] Level 1:colcon.colcon_core.environment:checking '/home/jakob/Desktop/serial-com/ros_ws/install/gimbalcom_package/bin'
[3.796s] Level 1:colcon.colcon_core.environment:checking '/home/jakob/Desktop/serial-com/ros_ws/install/gimbalcom_package/lib/pkgconfig/gimbalcom_package.pc'
[3.796s] Level 1:colcon.colcon_core.environment:checking '/home/jakob/Desktop/serial-com/ros_ws/install/gimbalcom_package/lib/python3.8/site-packages'
[3.796s] Level 1:colcon.colcon_core.environment:checking '/home/jakob/Desktop/serial-com/ros_ws/install/gimbalcom_package/bin'
[3.799s] INFO:colcon.colcon_core.shell:Creating package script '/home/jakob/Desktop/serial-com/ros_ws/install/gimbalcom_package/share/gimbalcom_package/package.ps1'
[3.800s] INFO:colcon.colcon_core.shell:Creating package descriptor '/home/jakob/Desktop/serial-com/ros_ws/install/gimbalcom_package/share/gimbalcom_package/package.dsv'
[3.800s] INFO:colcon.colcon_core.shell:Creating package script '/home/jakob/Desktop/serial-com/ros_ws/install/gimbalcom_package/share/gimbalcom_package/package.sh'
[3.800s] INFO:colcon.colcon_core.shell:Creating package script '/home/jakob/Desktop/serial-com/ros_ws/install/gimbalcom_package/share/gimbalcom_package/package.bash'
[3.800s] INFO:colcon.colcon_core.shell:Creating package script '/home/jakob/Desktop/serial-com/ros_ws/install/gimbalcom_package/share/gimbalcom_package/package.zsh'
[3.801s] Level 1:colcon.colcon_core.environment:create_file_with_runtime_dependencies(/home/jakob/Desktop/serial-com/ros_ws/install/gimbalcom_package/share/colcon-core/packages/gimbalcom_package)
[3.848s] Level 1:colcon.colcon_core.environment:create_environment_scripts_only(gimbalcom_package)
[3.855s] Level 1:colcon.colcon_core.environment:checking '/home/jakob/Desktop/serial-com/ros_ws/install/gimbalcom_package' for CMake module files
[3.856s] Level 1:colcon.colcon_core.environment:checking '/home/jakob/Desktop/serial-com/ros_ws/install/gimbalcom_package' for CMake config files
[3.856s] Level 1:colcon.colcon_core.shell:create_environment_hook('gimbalcom_package', 'cmake_prefix_path')
[3.861s] INFO:colcon.colcon_core.shell:Creating environment hook '/home/jakob/Desktop/serial-com/ros_ws/install/gimbalcom_package/share/gimbalcom_package/hook/cmake_prefix_path.ps1'
[3.861s] INFO:colcon.colcon_core.shell:Creating environment descriptor '/home/jakob/Desktop/serial-com/ros_ws/install/gimbalcom_package/share/gimbalcom_package/hook/cmake_prefix_path.dsv'
[3.861s] INFO:colcon.colcon_core.shell:Creating environment hook '/home/jakob/Desktop/serial-com/ros_ws/install/gimbalcom_package/share/gimbalcom_package/hook/cmake_prefix_path.sh'
[3.862s] Level 1:colcon.colcon_core.environment:checking '/home/jakob/Desktop/serial-com/ros_ws/install/gimbalcom_package/lib'
[3.862s] Level 1:colcon.colcon_core.environment:checking '/home/jakob/Desktop/serial-com/ros_ws/install/gimbalcom_package/bin'
[3.862s] Level 1:colcon.colcon_core.environment:checking '/home/jakob/Desktop/serial-com/ros_ws/install/gimbalcom_package/lib/pkgconfig/gimbalcom_package.pc'
[3.862s] Level 1:colcon.colcon_core.environment:checking '/home/jakob/Desktop/serial-com/ros_ws/install/gimbalcom_package/lib/python3.8/site-packages'
[3.862s] Level 1:colcon.colcon_core.environment:checking '/home/jakob/Desktop/serial-com/ros_ws/install/gimbalcom_package/bin'
[3.865s] INFO:colcon.colcon_core.shell:Creating package script '/home/jakob/Desktop/serial-com/ros_ws/install/gimbalcom_package/share/gimbalcom_package/package.ps1'
[3.866s] INFO:colcon.colcon_core.shell:Creating package descriptor '/home/jakob/Desktop/serial-com/ros_ws/install/gimbalcom_package/share/gimbalcom_package/package.dsv'
[3.866s] INFO:colcon.colcon_core.shell:Creating package script '/home/jakob/Desktop/serial-com/ros_ws/install/gimbalcom_package/share/gimbalcom_package/package.sh'
[3.866s] INFO:colcon.colcon_core.shell:Creating package script '/home/jakob/Desktop/serial-com/ros_ws/install/gimbalcom_package/share/gimbalcom_package/package.bash'
[3.866s] INFO:colcon.colcon_core.shell:Creating package script '/home/jakob/Desktop/serial-com/ros_ws/install/gimbalcom_package/share/gimbalcom_package/package.zsh'
[3.867s] Level 1:colcon.colcon_core.environment:create_file_with_runtime_dependencies(/home/jakob/Desktop/serial-com/ros_ws/install/gimbalcom_package/share/colcon-core/packages/gimbalcom_package)
[3.867s] DEBUG:colcon.colcon_parallel_executor.executor.parallel:closing loop
[3.867s] DEBUG:colcon.colcon_parallel_executor.executor.parallel:loop closed
[3.867s] DEBUG:colcon.colcon_parallel_executor.executor.parallel:run_until_complete finished with '0'
[3.867s] DEBUG:colcon.colcon_core.event_reactor:joining thread
[3.879s] INFO:colcon.colcon_core.plugin_system:Skipping extension 'colcon_notification.desktop_notification.terminal_notifier': Not used on non-Darwin systems
[3.879s] INFO:colcon.colcon_core.plugin_system:Skipping extension 'colcon_notification.desktop_notification.win32': Not used on non-Windows systems
[3.879s] INFO:colcon.colcon_notification.desktop_notification:Sending desktop notification using 'notify2'
[3.890s] DEBUG:colcon.colcon_core.event_reactor:joined thread
[3.898s] INFO:colcon.colcon_core.shell:Creating prefix script '/home/jakob/Desktop/serial-com/ros_ws/install/local_setup.ps1'
[3.899s] INFO:colcon.colcon_core.shell:Creating prefix util module '/home/jakob/Desktop/serial-com/ros_ws/install/_local_setup_util_ps1.py'
[3.900s] INFO:colcon.colcon_core.shell:Creating prefix chain script '/home/jakob/Desktop/serial-com/ros_ws/install/setup.ps1'
[3.903s] INFO:colcon.colcon_core.shell:Creating prefix script '/home/jakob/Desktop/serial-com/ros_ws/install/local_setup.sh'
[3.904s] INFO:colcon.colcon_core.shell:Creating prefix util module '/home/jakob/Desktop/serial-com/ros_ws/install/_local_setup_util_sh.py'
[3.904s] INFO:colcon.colcon_core.shell:Creating prefix chain script '/home/jakob/Desktop/serial-com/ros_ws/install/setup.sh'
[3.907s] INFO:colcon.colcon_core.shell:Creating prefix script '/home/jakob/Desktop/serial-com/ros_ws/install/local_setup.bash'
[3.907s] INFO:colcon.colcon_core.shell:Creating prefix chain script '/home/jakob/Desktop/serial-com/ros_ws/install/setup.bash'
[3.910s] INFO:colcon.colcon_core.shell:Creating prefix script '/home/jakob/Desktop/serial-com/ros_ws/install/local_setup.zsh'
[3.911s] INFO:colcon.colcon_core.shell:Creating prefix chain script '/home/jakob/Desktop/serial-com/ros_ws/install/setup.zsh'
