[0.339s] DEBUG:colcon:Command line arguments: ['/home/jakob/.local/bin/colcon', 'build']
[0.340s] DEBUG:colcon:Parsed command line arguments: Namespace(allow_overriding=[], ament_cmake_args=None, base_paths=['.'], build_base='build', catkin_cmake_args=None, catkin_skip_building_tests=False, cmake_args=None, cmake_clean_cache=False, cmake_clean_first=False, cmake_force_configure=False, cmake_target=None, cmake_target_skip_unavailable=False, continue_on_error=False, event_handlers=None, executor='parallel', ignore_user_meta=False, install_base='install', log_base=None, log_level=None, main=<bound method BuildVerb.main of <colcon_core.verb.build.BuildVerb object at 0x7f7935e1e2e0>>, merge_install=False, metas=['./colcon.meta'], packages_above=None, packages_above_and_dependencies=None, packages_above_depth=None, packages_end=None, packages_ignore=None, packages_ignore_regex=None, packages_select=None, packages_select_build_failed=False, packages_select_by_dep=None, packages_select_regex=None, packages_select_test_failures=False, packages_skip=None, packages_skip_build_finished=False, packages_skip_by_dep=None, packages_skip_regex=None, packages_skip_test_passed=False, packages_skip_up_to=None, packages_start=None, packages_up_to=None, packages_up_to_regex=None, parallel_workers=12, paths=None, symlink_install=False, test_result_base=None, verb_extension=<colcon_core.verb.build.BuildVerb object at 0x7f7935e1e2e0>, verb_name='build', verb_parser=<colcon_defaults.argument_parser.defaults.DefaultArgumentsDecorator object at 0x7f7935e1c610>)
[0.361s] Level 1:colcon.colcon_core.package_discovery:discover_packages(colcon_meta) check parameters
[0.361s] Level 1:colcon.colcon_core.package_discovery:discover_packages(recursive) check parameters
[0.361s] Level 1:colcon.colcon_core.package_discovery:discover_packages(ignore) check parameters
[0.361s] Level 1:colcon.colcon_core.package_discovery:discover_packages(path) check parameters
[0.361s] Level 1:colcon.colcon_core.package_discovery:discover_packages(colcon_meta) discover
[0.361s] Level 1:colcon.colcon_core.package_discovery:discover_packages(recursive) discover
[0.361s] INFO:colcon.colcon_core.package_discovery:Crawling recursively for packages in '/home/jakob/Desktop/serial-com/ros_ws'
[0.361s] Level 1:colcon.colcon_core.package_identification:_identify(.) by extensions ['ignore', 'ignore_ament_install']
[0.361s] Level 1:colcon.colcon_core.package_identification:_identify(.) by extension 'ignore'
[0.361s] Level 1:colcon.colcon_core.package_identification:_identify(.) by extension 'ignore_ament_install'
[0.361s] Level 1:colcon.colcon_core.package_identification:_identify(.) by extensions ['colcon_pkg']
[0.361s] Level 1:colcon.colcon_core.package_identification:_identify(.) by extension 'colcon_pkg'
[0.361s] Level 1:colcon.colcon_core.package_identification:_identify(.) by extensions ['colcon_meta']
[0.361s] Level 1:colcon.colcon_core.package_identification:_identify(.) by extension 'colcon_meta'
[0.361s] Level 1:colcon.colcon_core.package_identification:_identify(.) by extensions ['ros']
[0.361s] Level 1:colcon.colcon_core.package_identification:_identify(.) by extension 'ros'
[0.367s] Level 1:colcon.colcon_core.package_identification:_identify(.) by extensions ['cmake', 'python']
[0.367s] Level 1:colcon.colcon_core.package_identification:_identify(.) by extension 'cmake'
[0.368s] Level 1:colcon.colcon_core.package_identification:_identify(.) by extension 'python'
[0.368s] Level 1:colcon.colcon_core.package_identification:_identify(.) by extensions ['python_setup_py']
[0.368s] Level 1:colcon.colcon_core.package_identification:_identify(.) by extension 'python_setup_py'
[0.368s] Level 1:colcon.colcon_core.package_identification:_identify(build) by extensions ['ignore', 'ignore_ament_install']
[0.368s] Level 1:colcon.colcon_core.package_identification:_identify(build) by extension 'ignore'
[0.368s] Level 1:colcon.colcon_core.package_identification:_identify(build) ignored
[0.368s] Level 1:colcon.colcon_core.package_identification:_identify(install) by extensions ['ignore', 'ignore_ament_install']
[0.368s] Level 1:colcon.colcon_core.package_identification:_identify(install) by extension 'ignore'
[0.368s] Level 1:colcon.colcon_core.package_identification:_identify(install) ignored
[0.368s] Level 1:colcon.colcon_core.package_identification:_identify(log) by extensions ['ignore', 'ignore_ament_install']
[0.368s] Level 1:colcon.colcon_core.package_identification:_identify(log) by extension 'ignore'
[0.368s] Level 1:colcon.colcon_core.package_identification:_identify(log) ignored
[0.368s] Level 1:colcon.colcon_core.package_identification:_identify(src) by extensions ['ignore', 'ignore_ament_install']
[0.368s] Level 1:colcon.colcon_core.package_identification:_identify(src) by extension 'ignore'
[0.368s] Level 1:colcon.colcon_core.package_identification:_identify(src) by extension 'ignore_ament_install'
[0.368s] Level 1:colcon.colcon_core.package_identification:_identify(src) by extensions ['colcon_pkg']
[0.368s] Level 1:colcon.colcon_core.package_identification:_identify(src) by extension 'colcon_pkg'
[0.368s] Level 1:colcon.colcon_core.package_identification:_identify(src) by extensions ['colcon_meta']
[0.368s] Level 1:colcon.colcon_core.package_identification:_identify(src) by extension 'colcon_meta'
[0.368s] Level 1:colcon.colcon_core.package_identification:_identify(src) by extensions ['ros']
[0.368s] Level 1:colcon.colcon_core.package_identification:_identify(src) by extension 'ros'
[0.368s] Level 1:colcon.colcon_core.package_identification:_identify(src) by extensions ['cmake', 'python']
[0.368s] Level 1:colcon.colcon_core.package_identification:_identify(src) by extension 'cmake'
[0.368s] Level 1:colcon.colcon_core.package_identification:_identify(src) by extension 'python'
[0.368s] Level 1:colcon.colcon_core.package_identification:_identify(src) by extensions ['python_setup_py']
[0.368s] Level 1:colcon.colcon_core.package_identification:_identify(src) by extension 'python_setup_py'
[0.369s] Level 1:colcon.colcon_core.package_identification:_identify(src/gimbalcom_package) by extensions ['ignore', 'ignore_ament_install']
[0.369s] Level 1:colcon.colcon_core.package_identification:_identify(src/gimbalcom_package) by extension 'ignore'
[0.369s] Level 1:colcon.colcon_core.package_identification:_identify(src/gimbalcom_package) by extension 'ignore_ament_install'
[0.369s] Level 1:colcon.colcon_core.package_identification:_identify(src/gimbalcom_package) by extensions ['colcon_pkg']
[0.369s] Level 1:colcon.colcon_core.package_identification:_identify(src/gimbalcom_package) by extension 'colcon_pkg'
[0.369s] Level 1:colcon.colcon_core.package_identification:_identify(src/gimbalcom_package) by extensions ['colcon_meta']
[0.369s] Level 1:colcon.colcon_core.package_identification:_identify(src/gimbalcom_package) by extension 'colcon_meta'
[0.369s] Level 1:colcon.colcon_core.package_identification:_identify(src/gimbalcom_package) by extensions ['ros']
[0.369s] Level 1:colcon.colcon_core.package_identification:_identify(src/gimbalcom_package) by extension 'ros'
[0.370s] DEBUG:colcon.colcon_core.package_identification:Package 'src/gimbalcom_package' with type 'ros.ament_cmake' and name 'gimbalcom_package'
[0.370s] Level 1:colcon.colcon_core.package_identification:_identify(src/pub_package) by extensions ['ignore', 'ignore_ament_install']
[0.370s] Level 1:colcon.colcon_core.package_identification:_identify(src/pub_package) by extension 'ignore'
[0.370s] Level 1:colcon.colcon_core.package_identification:_identify(src/pub_package) by extension 'ignore_ament_install'
[0.370s] Level 1:colcon.colcon_core.package_identification:_identify(src/pub_package) by extensions ['colcon_pkg']
[0.370s] Level 1:colcon.colcon_core.package_identification:_identify(src/pub_package) by extension 'colcon_pkg'
[0.371s] Level 1:colcon.colcon_core.package_identification:_identify(src/pub_package) by extensions ['colcon_meta']
[0.371s] Level 1:colcon.colcon_core.package_identification:_identify(src/pub_package) by extension 'colcon_meta'
[0.371s] Level 1:colcon.colcon_core.package_identification:_identify(src/pub_package) by extensions ['ros']
[0.371s] Level 1:colcon.colcon_core.package_identification:_identify(src/pub_package) by extension 'ros'
[0.371s] DEBUG:colcon.colcon_core.package_identification:Package 'src/pub_package' with type 'ros.ament_cmake' and name 'pub_package'
[0.371s] Level 1:colcon.colcon_core.package_discovery:discover_packages(recursive) using defaults
[0.371s] Level 1:colcon.colcon_core.package_discovery:discover_packages(ignore) discover
[0.371s] Level 1:colcon.colcon_core.package_discovery:discover_packages(ignore) using defaults
[0.371s] Level 1:colcon.colcon_core.package_discovery:discover_packages(path) discover
[0.371s] Level 1:colcon.colcon_core.package_discovery:discover_packages(path) using defaults
[0.391s] Level 1:colcon.colcon_core.package_discovery:discover_packages(prefix_path) check parameters
[0.391s] Level 1:colcon.colcon_core.package_discovery:discover_packages(prefix_path) discover
[0.397s] DEBUG:colcon.colcon_installed_package_information.package_discovery:Found 2 installed packages in /home/jakob/Desktop/serial-com/ros_ws/install
[0.400s] DEBUG:colcon.colcon_installed_package_information.package_discovery:Found 256 installed packages in /opt/ros/foxy
[0.401s] Level 1:colcon.colcon_core.package_discovery:discover_packages(prefix_path) using defaults
[0.450s] Level 5:colcon.colcon_core.verb:set package 'gimbalcom_package' build argument 'cmake_args' from command line to 'None'
[0.450s] Level 5:colcon.colcon_core.verb:set package 'gimbalcom_package' build argument 'cmake_target' from command line to 'None'
[0.450s] Level 5:colcon.colcon_core.verb:set package 'gimbalcom_package' build argument 'cmake_target_skip_unavailable' from command line to 'False'
[0.450s] Level 5:colcon.colcon_core.verb:set package 'gimbalcom_package' build argument 'cmake_clean_cache' from command line to 'False'
[0.450s] Level 5:colcon.colcon_core.verb:set package 'gimbalcom_package' build argument 'cmake_clean_first' from command line to 'False'
[0.450s] Level 5:colcon.colcon_core.verb:set package 'gimbalcom_package' build argument 'cmake_force_configure' from command line to 'False'
[0.450s] Level 5:colcon.colcon_core.verb:set package 'gimbalcom_package' build argument 'ament_cmake_args' from command line to 'None'
[0.450s] Level 5:colcon.colcon_core.verb:set package 'gimbalcom_package' build argument 'catkin_cmake_args' from command line to 'None'
[0.450s] Level 5:colcon.colcon_core.verb:set package 'gimbalcom_package' build argument 'catkin_skip_building_tests' from command line to 'False'
[0.450s] DEBUG:colcon.colcon_core.verb:Building package 'gimbalcom_package' with the following arguments: {'ament_cmake_args': None, 'build_base': '/home/jakob/Desktop/serial-com/ros_ws/build/gimbalcom_package', 'catkin_cmake_args': None, 'catkin_skip_building_tests': False, 'cmake_args': None, 'cmake_clean_cache': False, 'cmake_clean_first': False, 'cmake_force_configure': False, 'cmake_target': None, 'cmake_target_skip_unavailable': False, 'install_base': '/home/jakob/Desktop/serial-com/ros_ws/install/gimbalcom_package', 'merge_install': False, 'path': '/home/jakob/Desktop/serial-com/ros_ws/src/gimbalcom_package', 'symlink_install': False, 'test_result_base': None}
[0.455s] Level 5:colcon.colcon_core.verb:set package 'pub_package' build argument 'cmake_args' from command line to 'None'
[0.455s] Level 5:colcon.colcon_core.verb:set package 'pub_package' build argument 'cmake_target' from command line to 'None'
[0.455s] Level 5:colcon.colcon_core.verb:set package 'pub_package' build argument 'cmake_target_skip_unavailable' from command line to 'False'
[0.455s] Level 5:colcon.colcon_core.verb:set package 'pub_package' build argument 'cmake_clean_cache' from command line to 'False'
[0.455s] Level 5:colcon.colcon_core.verb:set package 'pub_package' build argument 'cmake_clean_first' from command line to 'False'
[0.455s] Level 5:colcon.colcon_core.verb:set package 'pub_package' build argument 'cmake_force_configure' from command line to 'False'
[0.455s] Level 5:colcon.colcon_core.verb:set package 'pub_package' build argument 'ament_cmake_args' from command line to 'None'
[0.455s] Level 5:colcon.colcon_core.verb:set package 'pub_package' build argument 'catkin_cmake_args' from command line to 'None'
[0.455s] Level 5:colcon.colcon_core.verb:set package 'pub_package' build argument 'catkin_skip_building_tests' from command line to 'False'
[0.455s] DEBUG:colcon.colcon_core.verb:Building package 'pub_package' with the following arguments: {'ament_cmake_args': None, 'build_base': '/home/jakob/Desktop/serial-com/ros_ws/build/pub_package', 'catkin_cmake_args': None, 'catkin_skip_building_tests': False, 'cmake_args': None, 'cmake_clean_cache': False, 'cmake_clean_first': False, 'cmake_force_configure': False, 'cmake_target': None, 'cmake_target_skip_unavailable': False, 'install_base': '/home/jakob/Desktop/serial-com/ros_ws/install/pub_package', 'merge_install': False, 'path': '/home/jakob/Desktop/serial-com/ros_ws/src/pub_package', 'symlink_install': False, 'test_result_base': None}
[0.456s] INFO:colcon.colcon_core.executor:Executing jobs using 'parallel' executor
[0.464s] DEBUG:colcon.colcon_parallel_executor.executor.parallel:run_until_complete
[0.465s] INFO:colcon.colcon_ros.task.ament_cmake.build:Building ROS package in '/home/jakob/Desktop/serial-com/ros_ws/src/gimbalcom_package' with build type 'ament_cmake'
[0.465s] INFO:colcon.colcon_cmake.task.cmake.build:Building CMake package in '/home/jakob/Desktop/serial-com/ros_ws/src/gimbalcom_package'
[0.470s] INFO:colcon.colcon_core.plugin_system:Skipping extension 'colcon_core.shell.bat': Not used on non-Windows systems
[0.470s] INFO:colcon.colcon_core.shell:Skip shell extension 'powershell' for command environment: Not usable outside of PowerShell
[0.470s] DEBUG:colcon.colcon_core.shell:Skip shell extension 'dsv' for command environment
[0.480s] INFO:colcon.colcon_ros.task.ament_cmake.build:Building ROS package in '/home/jakob/Desktop/serial-com/ros_ws/src/pub_package' with build type 'ament_cmake'
[0.480s] INFO:colcon.colcon_cmake.task.cmake.build:Building CMake package in '/home/jakob/Desktop/serial-com/ros_ws/src/pub_package'
[0.483s] INFO:colcon.colcon_core.shell:Skip shell extension 'powershell' for command environment: Not usable outside of PowerShell
[0.484s] DEBUG:colcon.colcon_core.shell:Skip shell extension 'dsv' for command environment
[0.501s] DEBUG:colcon.colcon_core.event_handler.log_command:Invoking command in '/home/jakob/Desktop/serial-com/ros_ws/build/gimbalcom_package': CMAKE_PREFIX_PATH=${CMAKE_PREFIX_PATH}:/opt/ros/foxy /home/jakob/.local/bin/cmake --build /home/jakob/Desktop/serial-com/ros_ws/build/gimbalcom_package -- -j12 -l12
[0.504s] DEBUG:colcon.colcon_core.event_handler.log_command:Invoking command in '/home/jakob/Desktop/serial-com/ros_ws/build/pub_package': CMAKE_PREFIX_PATH=${CMAKE_PREFIX_PATH}:/opt/ros/foxy /home/jakob/.local/bin/cmake --build /home/jakob/Desktop/serial-com/ros_ws/build/pub_package -- -j12 -l12
[2.594s] DEBUG:colcon.colcon_core.event_handler.log_command:Invoked command in '/home/jakob/Desktop/serial-com/ros_ws/build/pub_package' returned '0': CMAKE_PREFIX_PATH=${CMAKE_PREFIX_PATH}:/opt/ros/foxy /home/jakob/.local/bin/cmake --build /home/jakob/Desktop/serial-com/ros_ws/build/pub_package -- -j12 -l12
[2.665s] DEBUG:colcon.colcon_core.event_handler.log_command:Invoking command in '/home/jakob/Desktop/serial-com/ros_ws/build/pub_package': CMAKE_PREFIX_PATH=${CMAKE_PREFIX_PATH}:/opt/ros/foxy /home/jakob/.local/bin/cmake --install /home/jakob/Desktop/serial-com/ros_ws/build/pub_package
[2.691s] Level 1:colcon.colcon_core.environment:create_environment_scripts_only(pub_package)
[2.694s] DEBUG:colcon.colcon_core.event_handler.log_command:Invoked command in '/home/jakob/Desktop/serial-com/ros_ws/build/pub_package' returned '0': CMAKE_PREFIX_PATH=${CMAKE_PREFIX_PATH}:/opt/ros/foxy /home/jakob/.local/bin/cmake --install /home/jakob/Desktop/serial-com/ros_ws/build/pub_package
[2.704s] Level 1:colcon.colcon_core.environment:checking '/home/jakob/Desktop/serial-com/ros_ws/install/pub_package' for CMake module files
[2.704s] Level 1:colcon.colcon_core.environment:checking '/home/jakob/Desktop/serial-com/ros_ws/install/pub_package' for CMake config files
[2.705s] Level 1:colcon.colcon_core.shell:create_environment_hook('pub_package', 'cmake_prefix_path')
[2.708s] INFO:colcon.colcon_core.shell:Creating environment hook '/home/jakob/Desktop/serial-com/ros_ws/install/pub_package/share/pub_package/hook/cmake_prefix_path.ps1'
[2.709s] INFO:colcon.colcon_core.shell:Creating environment descriptor '/home/jakob/Desktop/serial-com/ros_ws/install/pub_package/share/pub_package/hook/cmake_prefix_path.dsv'
[2.709s] INFO:colcon.colcon_core.shell:Creating environment hook '/home/jakob/Desktop/serial-com/ros_ws/install/pub_package/share/pub_package/hook/cmake_prefix_path.sh'
[2.710s] Level 1:colcon.colcon_core.environment:checking '/home/jakob/Desktop/serial-com/ros_ws/install/pub_package/lib'
[2.710s] Level 1:colcon.colcon_core.environment:checking '/home/jakob/Desktop/serial-com/ros_ws/install/pub_package/bin'
[2.710s] Level 1:colcon.colcon_core.environment:checking '/home/jakob/Desktop/serial-com/ros_ws/install/pub_package/lib/pkgconfig/pub_package.pc'
[2.710s] Level 1:colcon.colcon_core.environment:checking '/home/jakob/Desktop/serial-com/ros_ws/install/pub_package/lib/python3.8/site-packages'
[2.710s] Level 1:colcon.colcon_core.environment:checking '/home/jakob/Desktop/serial-com/ros_ws/install/pub_package/bin'
[2.713s] INFO:colcon.colcon_core.shell:Creating package script '/home/jakob/Desktop/serial-com/ros_ws/install/pub_package/share/pub_package/package.ps1'
[2.714s] INFO:colcon.colcon_core.shell:Creating package descriptor '/home/jakob/Desktop/serial-com/ros_ws/install/pub_package/share/pub_package/package.dsv'
[2.714s] INFO:colcon.colcon_core.shell:Creating package script '/home/jakob/Desktop/serial-com/ros_ws/install/pub_package/share/pub_package/package.sh'
[2.715s] INFO:colcon.colcon_core.shell:Creating package script '/home/jakob/Desktop/serial-com/ros_ws/install/pub_package/share/pub_package/package.bash'
[2.715s] INFO:colcon.colcon_core.shell:Creating package script '/home/jakob/Desktop/serial-com/ros_ws/install/pub_package/share/pub_package/package.zsh'
[2.716s] Level 1:colcon.colcon_core.environment:create_file_with_runtime_dependencies(/home/jakob/Desktop/serial-com/ros_ws/install/pub_package/share/colcon-core/packages/pub_package)
[2.759s] Level 1:colcon.colcon_core.environment:create_environment_scripts_only(pub_package)
[2.765s] Level 1:colcon.colcon_core.environment:checking '/home/jakob/Desktop/serial-com/ros_ws/install/pub_package' for CMake module files
[2.766s] Level 1:colcon.colcon_core.environment:checking '/home/jakob/Desktop/serial-com/ros_ws/install/pub_package' for CMake config files
[2.766s] Level 1:colcon.colcon_core.shell:create_environment_hook('pub_package', 'cmake_prefix_path')
[2.770s] INFO:colcon.colcon_core.shell:Creating environment hook '/home/jakob/Desktop/serial-com/ros_ws/install/pub_package/share/pub_package/hook/cmake_prefix_path.ps1'
[2.771s] INFO:colcon.colcon_core.shell:Creating environment descriptor '/home/jakob/Desktop/serial-com/ros_ws/install/pub_package/share/pub_package/hook/cmake_prefix_path.dsv'
[2.771s] INFO:colcon.colcon_core.shell:Creating environment hook '/home/jakob/Desktop/serial-com/ros_ws/install/pub_package/share/pub_package/hook/cmake_prefix_path.sh'
[2.771s] Level 1:colcon.colcon_core.environment:checking '/home/jakob/Desktop/serial-com/ros_ws/install/pub_package/lib'
[2.772s] Level 1:colcon.colcon_core.environment:checking '/home/jakob/Desktop/serial-com/ros_ws/install/pub_package/bin'
[2.772s] Level 1:colcon.colcon_core.environment:checking '/home/jakob/Desktop/serial-com/ros_ws/install/pub_package/lib/pkgconfig/pub_package.pc'
[2.772s] Level 1:colcon.colcon_core.environment:checking '/home/jakob/Desktop/serial-com/ros_ws/install/pub_package/lib/python3.8/site-packages'
[2.772s] Level 1:colcon.colcon_core.environment:checking '/home/jakob/Desktop/serial-com/ros_ws/install/pub_package/bin'
[2.775s] INFO:colcon.colcon_core.shell:Creating package script '/home/jakob/Desktop/serial-com/ros_ws/install/pub_package/share/pub_package/package.ps1'
[2.775s] INFO:colcon.colcon_core.shell:Creating package descriptor '/home/jakob/Desktop/serial-com/ros_ws/install/pub_package/share/pub_package/package.dsv'
[2.776s] INFO:colcon.colcon_core.shell:Creating package script '/home/jakob/Desktop/serial-com/ros_ws/install/pub_package/share/pub_package/package.sh'
[2.776s] INFO:colcon.colcon_core.shell:Creating package script '/home/jakob/Desktop/serial-com/ros_ws/install/pub_package/share/pub_package/package.bash'
[2.776s] INFO:colcon.colcon_core.shell:Creating package script '/home/jakob/Desktop/serial-com/ros_ws/install/pub_package/share/pub_package/package.zsh'
[2.776s] Level 1:colcon.colcon_core.environment:create_file_with_runtime_dependencies(/home/jakob/Desktop/serial-com/ros_ws/install/pub_package/share/colcon-core/packages/pub_package)
[3.743s] DEBUG:colcon.colcon_core.event_handler.log_command:Invoked command in '/home/jakob/Desktop/serial-com/ros_ws/build/gimbalcom_package' returned '0': CMAKE_PREFIX_PATH=${CMAKE_PREFIX_PATH}:/opt/ros/foxy /home/jakob/.local/bin/cmake --build /home/jakob/Desktop/serial-com/ros_ws/build/gimbalcom_package -- -j12 -l12
[3.788s] DEBUG:colcon.colcon_core.event_handler.log_command:Invoking command in '/home/jakob/Desktop/serial-com/ros_ws/build/gimbalcom_package': CMAKE_PREFIX_PATH=${CMAKE_PREFIX_PATH}:/opt/ros/foxy /home/jakob/.local/bin/cmake --install /home/jakob/Desktop/serial-com/ros_ws/build/gimbalcom_package
[3.819s] Level 1:colcon.colcon_core.environment:create_environment_scripts_only(gimbalcom_package)
[3.828s] Level 1:colcon.colcon_core.environment:checking '/home/jakob/Desktop/serial-com/ros_ws/install/gimbalcom_package' for CMake module files
[3.828s] DEBUG:colcon.colcon_core.event_handler.log_command:Invoked command in '/home/jakob/Desktop/serial-com/ros_ws/build/gimbalcom_package' returned '0': CMAKE_PREFIX_PATH=${CMAKE_PREFIX_PATH}:/opt/ros/foxy /home/jakob/.local/bin/cmake --install /home/jakob/Desktop/serial-com/ros_ws/build/gimbalcom_package
[3.829s] Level 1:colcon.colcon_core.environment:checking '/home/jakob/Desktop/serial-com/ros_ws/install/gimbalcom_package' for CMake config files
[3.829s] Level 1:colcon.colcon_core.shell:create_environment_hook('gimbalcom_package', 'cmake_prefix_path')
[3.834s] INFO:colcon.colcon_core.shell:Creating environment hook '/home/jakob/Desktop/serial-com/ros_ws/install/gimbalcom_package/share/gimbalcom_package/hook/cmake_prefix_path.ps1'
[3.835s] INFO:colcon.colcon_core.shell:Creating environment descriptor '/home/jakob/Desktop/serial-com/ros_ws/install/gimbalcom_package/share/gimbalcom_package/hook/cmake_prefix_path.dsv'
[3.835s] INFO:colcon.colcon_core.shell:Creating environment hook '/home/jakob/Desktop/serial-com/ros_ws/install/gimbalcom_package/share/gimbalcom_package/hook/cmake_prefix_path.sh'
[3.836s] Level 1:colcon.colcon_core.environment:checking '/home/jakob/Desktop/serial-com/ros_ws/install/gimbalcom_package/lib'
[3.836s] Level 1:colcon.colcon_core.environment:checking '/home/jakob/Desktop/serial-com/ros_ws/install/gimbalcom_package/bin'
[3.836s] Level 1:colcon.colcon_core.environment:checking '/home/jakob/Desktop/serial-com/ros_ws/install/gimbalcom_package/lib/pkgconfig/gimbalcom_package.pc'
[3.836s] Level 1:colcon.colcon_core.environment:checking '/home/jakob/Desktop/serial-com/ros_ws/install/gimbalcom_package/lib/python3.8/site-packages'
[3.836s] Level 1:colcon.colcon_core.environment:checking '/home/jakob/Desktop/serial-com/ros_ws/install/gimbalcom_package/bin'
[3.840s] INFO:colcon.colcon_core.shell:Creating package script '/home/jakob/Desktop/serial-com/ros_ws/install/gimbalcom_package/share/gimbalcom_package/package.ps1'
[3.840s] INFO:colcon.colcon_core.shell:Creating package descriptor '/home/jakob/Desktop/serial-com/ros_ws/install/gimbalcom_package/share/gimbalcom_package/package.dsv'
[3.840s] INFO:colcon.colcon_core.shell:Creating package script '/home/jakob/Desktop/serial-com/ros_ws/install/gimbalcom_package/share/gimbalcom_package/package.sh'
[3.841s] INFO:colcon.colcon_core.shell:Creating package script '/home/jakob/Desktop/serial-com/ros_ws/install/gimbalcom_package/share/gimbalcom_package/package.bash'
[3.841s] INFO:colcon.colcon_core.shell:Creating package script '/home/jakob/Desktop/serial-com/ros_ws/install/gimbalcom_package/share/gimbalcom_package/package.zsh'
[3.841s] Level 1:colcon.colcon_core.environment:create_file_with_runtime_dependencies(/home/jakob/Desktop/serial-com/ros_ws/install/gimbalcom_package/share/colcon-core/packages/gimbalcom_package)
[3.892s] Level 1:colcon.colcon_core.environment:create_environment_scripts_only(gimbalcom_package)
[3.897s] Level 1:colcon.colcon_core.environment:checking '/home/jakob/Desktop/serial-com/ros_ws/install/gimbalcom_package' for CMake module files
[3.897s] Level 1:colcon.colcon_core.environment:checking '/home/jakob/Desktop/serial-com/ros_ws/install/gimbalcom_package' for CMake config files
[3.897s] Level 1:colcon.colcon_core.shell:create_environment_hook('gimbalcom_package', 'cmake_prefix_path')
[3.901s] INFO:colcon.colcon_core.shell:Creating environment hook '/home/jakob/Desktop/serial-com/ros_ws/install/gimbalcom_package/share/gimbalcom_package/hook/cmake_prefix_path.ps1'
[3.901s] INFO:colcon.colcon_core.shell:Creating environment descriptor '/home/jakob/Desktop/serial-com/ros_ws/install/gimbalcom_package/share/gimbalcom_package/hook/cmake_prefix_path.dsv'
[3.902s] INFO:colcon.colcon_core.shell:Creating environment hook '/home/jakob/Desktop/serial-com/ros_ws/install/gimbalcom_package/share/gimbalcom_package/hook/cmake_prefix_path.sh'
[3.902s] Level 1:colcon.colcon_core.environment:checking '/home/jakob/Desktop/serial-com/ros_ws/install/gimbalcom_package/lib'
[3.902s] Level 1:colcon.colcon_core.environment:checking '/home/jakob/Desktop/serial-com/ros_ws/install/gimbalcom_package/bin'
[3.902s] Level 1:colcon.colcon_core.environment:checking '/home/jakob/Desktop/serial-com/ros_ws/install/gimbalcom_package/lib/pkgconfig/gimbalcom_package.pc'
[3.902s] Level 1:colcon.colcon_core.environment:checking '/home/jakob/Desktop/serial-com/ros_ws/install/gimbalcom_package/lib/python3.8/site-packages'
[3.902s] Level 1:colcon.colcon_core.environment:checking '/home/jakob/Desktop/serial-com/ros_ws/install/gimbalcom_package/bin'
[3.906s] INFO:colcon.colcon_core.shell:Creating package script '/home/jakob/Desktop/serial-com/ros_ws/install/gimbalcom_package/share/gimbalcom_package/package.ps1'
[3.906s] INFO:colcon.colcon_core.shell:Creating package descriptor '/home/jakob/Desktop/serial-com/ros_ws/install/gimbalcom_package/share/gimbalcom_package/package.dsv'
[3.907s] INFO:colcon.colcon_core.shell:Creating package script '/home/jakob/Desktop/serial-com/ros_ws/install/gimbalcom_package/share/gimbalcom_package/package.sh'
[3.907s] INFO:colcon.colcon_core.shell:Creating package script '/home/jakob/Desktop/serial-com/ros_ws/install/gimbalcom_package/share/gimbalcom_package/package.bash'
[3.907s] INFO:colcon.colcon_core.shell:Creating package script '/home/jakob/Desktop/serial-com/ros_ws/install/gimbalcom_package/share/gimbalcom_package/package.zsh'
[3.908s] Level 1:colcon.colcon_core.environment:create_file_with_runtime_dependencies(/home/jakob/Desktop/serial-com/ros_ws/install/gimbalcom_package/share/colcon-core/packages/gimbalcom_package)
[3.908s] DEBUG:colcon.colcon_parallel_executor.executor.parallel:closing loop
[3.908s] DEBUG:colcon.colcon_parallel_executor.executor.parallel:loop closed
[3.908s] DEBUG:colcon.colcon_parallel_executor.executor.parallel:run_until_complete finished with '0'
[3.908s] DEBUG:colcon.colcon_core.event_reactor:joining thread
[3.920s] INFO:colcon.colcon_core.plugin_system:Skipping extension 'colcon_notification.desktop_notification.terminal_notifier': Not used on non-Darwin systems
[3.920s] INFO:colcon.colcon_core.plugin_system:Skipping extension 'colcon_notification.desktop_notification.win32': Not used on non-Windows systems
[3.920s] INFO:colcon.colcon_notification.desktop_notification:Sending desktop notification using 'notify2'
[3.930s] DEBUG:colcon.colcon_core.event_reactor:joined thread
[3.938s] INFO:colcon.colcon_core.shell:Creating prefix script '/home/jakob/Desktop/serial-com/ros_ws/install/local_setup.ps1'
[3.939s] INFO:colcon.colcon_core.shell:Creating prefix util module '/home/jakob/Desktop/serial-com/ros_ws/install/_local_setup_util_ps1.py'
[3.941s] INFO:colcon.colcon_core.shell:Creating prefix chain script '/home/jakob/Desktop/serial-com/ros_ws/install/setup.ps1'
[3.945s] INFO:colcon.colcon_core.shell:Creating prefix script '/home/jakob/Desktop/serial-com/ros_ws/install/local_setup.sh'
[3.945s] INFO:colcon.colcon_core.shell:Creating prefix util module '/home/jakob/Desktop/serial-com/ros_ws/install/_local_setup_util_sh.py'
[3.945s] INFO:colcon.colcon_core.shell:Creating prefix chain script '/home/jakob/Desktop/serial-com/ros_ws/install/setup.sh'
[3.949s] INFO:colcon.colcon_core.shell:Creating prefix script '/home/jakob/Desktop/serial-com/ros_ws/install/local_setup.bash'
[3.949s] INFO:colcon.colcon_core.shell:Creating prefix chain script '/home/jakob/Desktop/serial-com/ros_ws/install/setup.bash'
[3.952s] INFO:colcon.colcon_core.shell:Creating prefix script '/home/jakob/Desktop/serial-com/ros_ws/install/local_setup.zsh'
[3.952s] INFO:colcon.colcon_core.shell:Creating prefix chain script '/home/jakob/Desktop/serial-com/ros_ws/install/setup.zsh'
