[ 50%] [32mBuilding CXX object CMakeFiles/commander.dir/src/publisher.cpp.o[0m
[100%] [32m[1mLinking CXX executable commander[0m
[100%] Built target commander
-- Install configuration: ""
-- Installing: /home/jakob/Desktop/serial-com/ros_ws/install/pub_package/lib/pub_package/commander
-- Set runtime path of "/home/jakob/Desktop/serial-com/ros_ws/install/pub_package/lib/pub_package/commander" to ""
-- Up-to-date: /home/jakob/Desktop/serial-com/ros_ws/install/pub_package/share/ament_index/resource_index/package_run_dependencies/pub_package
-- Up-to-date: /home/jakob/Desktop/serial-com/ros_ws/install/pub_package/share/ament_index/resource_index/parent_prefix_path/pub_package
-- Up-to-date: /home/jakob/Desktop/serial-com/ros_ws/install/pub_package/share/pub_package/environment/ament_prefix_path.sh
-- Up-to-date: /home/jakob/Desktop/serial-com/ros_ws/install/pub_package/share/pub_package/environment/ament_prefix_path.dsv
-- Up-to-date: /home/jakob/Desktop/serial-com/ros_ws/install/pub_package/share/pub_package/environment/path.sh
-- Up-to-date: /home/jakob/Desktop/serial-com/ros_ws/install/pub_package/share/pub_package/environment/path.dsv
-- Up-to-date: /home/jakob/Desktop/serial-com/ros_ws/install/pub_package/share/pub_package/local_setup.bash
-- Up-to-date: /home/jakob/Desktop/serial-com/ros_ws/install/pub_package/share/pub_package/local_setup.sh
-- Up-to-date: /home/jakob/Desktop/serial-com/ros_ws/install/pub_package/share/pub_package/local_setup.zsh
-- Up-to-date: /home/jakob/Desktop/serial-com/ros_ws/install/pub_package/share/pub_package/local_setup.dsv
-- Installing: /home/jakob/Desktop/serial-com/ros_ws/install/pub_package/share/pub_package/package.dsv
-- Up-to-date: /home/jakob/Desktop/serial-com/ros_ws/install/pub_package/share/ament_index/resource_index/packages/pub_package
-- Up-to-date: /home/jakob/Desktop/serial-com/ros_ws/install/pub_package/share/pub_package/cmake/pub_packageConfig.cmake
-- Up-to-date: /home/jakob/Desktop/serial-com/ros_ws/install/pub_package/share/pub_package/cmake/pub_packageConfig-version.cmake
-- Up-to-date: /home/jakob/Desktop/serial-com/ros_ws/install/pub_package/share/pub_package/package.xml
