[0.342s] DEBUG:colcon:Command line arguments: ['/home/jakob/.local/bin/colcon', 'build']
[0.342s] DEBUG:colcon:Parsed command line arguments: Namespace(allow_overriding=[], ament_cmake_args=None, base_paths=['.'], build_base='build', catkin_cmake_args=None, catkin_skip_building_tests=False, cmake_args=None, cmake_clean_cache=False, cmake_clean_first=False, cmake_force_configure=False, cmake_target=None, cmake_target_skip_unavailable=False, continue_on_error=False, event_handlers=None, executor='parallel', ignore_user_meta=False, install_base='install', log_base=None, log_level=None, main=<bound method BuildVerb.main of <colcon_core.verb.build.BuildVerb object at 0x7f8a15c733a0>>, merge_install=False, metas=['./colcon.meta'], packages_above=None, packages_above_and_dependencies=None, packages_above_depth=None, packages_end=None, packages_ignore=None, packages_ignore_regex=None, packages_select=None, packages_select_build_failed=False, packages_select_by_dep=None, packages_select_regex=None, packages_select_test_failures=False, packages_skip=None, packages_skip_build_finished=False, packages_skip_by_dep=None, packages_skip_regex=None, packages_skip_test_passed=False, packages_skip_up_to=None, packages_start=None, packages_up_to=None, packages_up_to_regex=None, parallel_workers=12, paths=None, symlink_install=False, test_result_base=None, verb_extension=<colcon_core.verb.build.BuildVerb object at 0x7f8a15c733a0>, verb_name='build', verb_parser=<colcon_defaults.argument_parser.defaults.DefaultArgumentsDecorator object at 0x7f8a15c738e0>)
[0.362s] Level 1:colcon.colcon_core.package_discovery:discover_packages(colcon_meta) check parameters
[0.362s] Level 1:colcon.colcon_core.package_discovery:discover_packages(recursive) check parameters
[0.362s] Level 1:colcon.colcon_core.package_discovery:discover_packages(ignore) check parameters
[0.362s] Level 1:colcon.colcon_core.package_discovery:discover_packages(path) check parameters
[0.362s] Level 1:colcon.colcon_core.package_discovery:discover_packages(colcon_meta) discover
[0.362s] Level 1:colcon.colcon_core.package_discovery:discover_packages(recursive) discover
[0.362s] INFO:colcon.colcon_core.package_discovery:Crawling recursively for packages in '/home/jakob/Desktop/serial-com/ros_ws'
[0.362s] Level 1:colcon.colcon_core.package_identification:_identify(.) by extensions ['ignore', 'ignore_ament_install']
[0.362s] Level 1:colcon.colcon_core.package_identification:_identify(.) by extension 'ignore'
[0.362s] Level 1:colcon.colcon_core.package_identification:_identify(.) by extension 'ignore_ament_install'
[0.362s] Level 1:colcon.colcon_core.package_identification:_identify(.) by extensions ['colcon_pkg']
[0.362s] Level 1:colcon.colcon_core.package_identification:_identify(.) by extension 'colcon_pkg'
[0.362s] Level 1:colcon.colcon_core.package_identification:_identify(.) by extensions ['colcon_meta']
[0.362s] Level 1:colcon.colcon_core.package_identification:_identify(.) by extension 'colcon_meta'
[0.362s] Level 1:colcon.colcon_core.package_identification:_identify(.) by extensions ['ros']
[0.362s] Level 1:colcon.colcon_core.package_identification:_identify(.) by extension 'ros'
[0.370s] Level 1:colcon.colcon_core.package_identification:_identify(.) by extensions ['cmake', 'python']
[0.370s] Level 1:colcon.colcon_core.package_identification:_identify(.) by extension 'cmake'
[0.370s] Level 1:colcon.colcon_core.package_identification:_identify(.) by extension 'python'
[0.370s] Level 1:colcon.colcon_core.package_identification:_identify(.) by extensions ['python_setup_py']
[0.370s] Level 1:colcon.colcon_core.package_identification:_identify(.) by extension 'python_setup_py'
[0.370s] Level 1:colcon.colcon_core.package_identification:_identify(build) by extensions ['ignore', 'ignore_ament_install']
[0.370s] Level 1:colcon.colcon_core.package_identification:_identify(build) by extension 'ignore'
[0.370s] Level 1:colcon.colcon_core.package_identification:_identify(build) ignored
[0.370s] Level 1:colcon.colcon_core.package_identification:_identify(install) by extensions ['ignore', 'ignore_ament_install']
[0.370s] Level 1:colcon.colcon_core.package_identification:_identify(install) by extension 'ignore'
[0.370s] Level 1:colcon.colcon_core.package_identification:_identify(install) ignored
[0.370s] Level 1:colcon.colcon_core.package_identification:_identify(log) by extensions ['ignore', 'ignore_ament_install']
[0.370s] Level 1:colcon.colcon_core.package_identification:_identify(log) by extension 'ignore'
[0.370s] Level 1:colcon.colcon_core.package_identification:_identify(log) ignored
[0.371s] Level 1:colcon.colcon_core.package_identification:_identify(src) by extensions ['ignore', 'ignore_ament_install']
[0.371s] Level 1:colcon.colcon_core.package_identification:_identify(src) by extension 'ignore'
[0.371s] Level 1:colcon.colcon_core.package_identification:_identify(src) by extension 'ignore_ament_install'
[0.371s] Level 1:colcon.colcon_core.package_identification:_identify(src) by extensions ['colcon_pkg']
[0.371s] Level 1:colcon.colcon_core.package_identification:_identify(src) by extension 'colcon_pkg'
[0.371s] Level 1:colcon.colcon_core.package_identification:_identify(src) by extensions ['colcon_meta']
[0.371s] Level 1:colcon.colcon_core.package_identification:_identify(src) by extension 'colcon_meta'
[0.371s] Level 1:colcon.colcon_core.package_identification:_identify(src) by extensions ['ros']
[0.371s] Level 1:colcon.colcon_core.package_identification:_identify(src) by extension 'ros'
[0.371s] Level 1:colcon.colcon_core.package_identification:_identify(src) by extensions ['cmake', 'python']
[0.371s] Level 1:colcon.colcon_core.package_identification:_identify(src) by extension 'cmake'
[0.371s] Level 1:colcon.colcon_core.package_identification:_identify(src) by extension 'python'
[0.371s] Level 1:colcon.colcon_core.package_identification:_identify(src) by extensions ['python_setup_py']
[0.371s] Level 1:colcon.colcon_core.package_identification:_identify(src) by extension 'python_setup_py'
[0.371s] Level 1:colcon.colcon_core.package_identification:_identify(src/gimbalcom_package) by extensions ['ignore', 'ignore_ament_install']
[0.371s] Level 1:colcon.colcon_core.package_identification:_identify(src/gimbalcom_package) by extension 'ignore'
[0.371s] Level 1:colcon.colcon_core.package_identification:_identify(src/gimbalcom_package) by extension 'ignore_ament_install'
[0.371s] Level 1:colcon.colcon_core.package_identification:_identify(src/gimbalcom_package) by extensions ['colcon_pkg']
[0.372s] Level 1:colcon.colcon_core.package_identification:_identify(src/gimbalcom_package) by extension 'colcon_pkg'
[0.372s] Level 1:colcon.colcon_core.package_identification:_identify(src/gimbalcom_package) by extensions ['colcon_meta']
[0.372s] Level 1:colcon.colcon_core.package_identification:_identify(src/gimbalcom_package) by extension 'colcon_meta'
[0.372s] Level 1:colcon.colcon_core.package_identification:_identify(src/gimbalcom_package) by extensions ['ros']
[0.372s] Level 1:colcon.colcon_core.package_identification:_identify(src/gimbalcom_package) by extension 'ros'
[0.374s] DEBUG:colcon.colcon_core.package_identification:Package 'src/gimbalcom_package' with type 'ros.ament_cmake' and name 'gimbalcom_package'
[0.374s] Level 1:colcon.colcon_core.package_identification:_identify(src/pub_package) by extensions ['ignore', 'ignore_ament_install']
[0.374s] Level 1:colcon.colcon_core.package_identification:_identify(src/pub_package) by extension 'ignore'
[0.374s] Level 1:colcon.colcon_core.package_identification:_identify(src/pub_package) by extension 'ignore_ament_install'
[0.374s] Level 1:colcon.colcon_core.package_identification:_identify(src/pub_package) by extensions ['colcon_pkg']
[0.375s] Level 1:colcon.colcon_core.package_identification:_identify(src/pub_package) by extension 'colcon_pkg'
[0.375s] Level 1:colcon.colcon_core.package_identification:_identify(src/pub_package) by extensions ['colcon_meta']
[0.375s] Level 1:colcon.colcon_core.package_identification:_identify(src/pub_package) by extension 'colcon_meta'
[0.375s] Level 1:colcon.colcon_core.package_identification:_identify(src/pub_package) by extensions ['ros']
[0.375s] Level 1:colcon.colcon_core.package_identification:_identify(src/pub_package) by extension 'ros'
[0.375s] DEBUG:colcon.colcon_core.package_identification:Package 'src/pub_package' with type 'ros.ament_cmake' and name 'pub_package'
[0.375s] Level 1:colcon.colcon_core.package_discovery:discover_packages(recursive) using defaults
[0.375s] Level 1:colcon.colcon_core.package_discovery:discover_packages(ignore) discover
[0.375s] Level 1:colcon.colcon_core.package_discovery:discover_packages(ignore) using defaults
[0.375s] Level 1:colcon.colcon_core.package_discovery:discover_packages(path) discover
[0.375s] Level 1:colcon.colcon_core.package_discovery:discover_packages(path) using defaults
[0.407s] Level 1:colcon.colcon_core.package_discovery:discover_packages(prefix_path) check parameters
[0.408s] Level 1:colcon.colcon_core.package_discovery:discover_packages(prefix_path) discover
[0.421s] DEBUG:colcon.colcon_installed_package_information.package_discovery:Found 2 installed packages in /home/jakob/Desktop/serial-com/ros_ws/install
[0.426s] DEBUG:colcon.colcon_installed_package_information.package_discovery:Found 0 installed packages in /home/jakob/colcon_ws/install
[0.430s] DEBUG:colcon.colcon_installed_package_information.package_discovery:Found 256 installed packages in /opt/ros/foxy
[0.430s] Level 1:colcon.colcon_core.package_discovery:discover_packages(prefix_path) using defaults
[0.481s] Level 5:colcon.colcon_core.verb:set package 'gimbalcom_package' build argument 'cmake_args' from command line to 'None'
[0.481s] Level 5:colcon.colcon_core.verb:set package 'gimbalcom_package' build argument 'cmake_target' from command line to 'None'
[0.481s] Level 5:colcon.colcon_core.verb:set package 'gimbalcom_package' build argument 'cmake_target_skip_unavailable' from command line to 'False'
[0.481s] Level 5:colcon.colcon_core.verb:set package 'gimbalcom_package' build argument 'cmake_clean_cache' from command line to 'False'
[0.481s] Level 5:colcon.colcon_core.verb:set package 'gimbalcom_package' build argument 'cmake_clean_first' from command line to 'False'
[0.481s] Level 5:colcon.colcon_core.verb:set package 'gimbalcom_package' build argument 'cmake_force_configure' from command line to 'False'
[0.481s] Level 5:colcon.colcon_core.verb:set package 'gimbalcom_package' build argument 'ament_cmake_args' from command line to 'None'
[0.481s] Level 5:colcon.colcon_core.verb:set package 'gimbalcom_package' build argument 'catkin_cmake_args' from command line to 'None'
[0.481s] Level 5:colcon.colcon_core.verb:set package 'gimbalcom_package' build argument 'catkin_skip_building_tests' from command line to 'False'
[0.482s] DEBUG:colcon.colcon_core.verb:Building package 'gimbalcom_package' with the following arguments: {'ament_cmake_args': None, 'build_base': '/home/jakob/Desktop/serial-com/ros_ws/build/gimbalcom_package', 'catkin_cmake_args': None, 'catkin_skip_building_tests': False, 'cmake_args': None, 'cmake_clean_cache': False, 'cmake_clean_first': False, 'cmake_force_configure': False, 'cmake_target': None, 'cmake_target_skip_unavailable': False, 'install_base': '/home/jakob/Desktop/serial-com/ros_ws/install/gimbalcom_package', 'merge_install': False, 'path': '/home/jakob/Desktop/serial-com/ros_ws/src/gimbalcom_package', 'symlink_install': False, 'test_result_base': None}
[0.487s] Level 5:colcon.colcon_core.verb:set package 'pub_package' build argument 'cmake_args' from command line to 'None'
[0.487s] Level 5:colcon.colcon_core.verb:set package 'pub_package' build argument 'cmake_target' from command line to 'None'
[0.487s] Level 5:colcon.colcon_core.verb:set package 'pub_package' build argument 'cmake_target_skip_unavailable' from command line to 'False'
[0.487s] Level 5:colcon.colcon_core.verb:set package 'pub_package' build argument 'cmake_clean_cache' from command line to 'False'
[0.487s] Level 5:colcon.colcon_core.verb:set package 'pub_package' build argument 'cmake_clean_first' from command line to 'False'
[0.487s] Level 5:colcon.colcon_core.verb:set package 'pub_package' build argument 'cmake_force_configure' from command line to 'False'
[0.487s] Level 5:colcon.colcon_core.verb:set package 'pub_package' build argument 'ament_cmake_args' from command line to 'None'
[0.487s] Level 5:colcon.colcon_core.verb:set package 'pub_package' build argument 'catkin_cmake_args' from command line to 'None'
[0.487s] Level 5:colcon.colcon_core.verb:set package 'pub_package' build argument 'catkin_skip_building_tests' from command line to 'False'
[0.487s] DEBUG:colcon.colcon_core.verb:Building package 'pub_package' with the following arguments: {'ament_cmake_args': None, 'build_base': '/home/jakob/Desktop/serial-com/ros_ws/build/pub_package', 'catkin_cmake_args': None, 'catkin_skip_building_tests': False, 'cmake_args': None, 'cmake_clean_cache': False, 'cmake_clean_first': False, 'cmake_force_configure': False, 'cmake_target': None, 'cmake_target_skip_unavailable': False, 'install_base': '/home/jakob/Desktop/serial-com/ros_ws/install/pub_package', 'merge_install': False, 'path': '/home/jakob/Desktop/serial-com/ros_ws/src/pub_package', 'symlink_install': False, 'test_result_base': None}
[0.488s] INFO:colcon.colcon_core.executor:Executing jobs using 'parallel' executor
[0.496s] DEBUG:colcon.colcon_parallel_executor.executor.parallel:run_until_complete
[0.497s] INFO:colcon.colcon_ros.task.ament_cmake.build:Building ROS package in '/home/jakob/Desktop/serial-com/ros_ws/src/gimbalcom_package' with build type 'ament_cmake'
[0.497s] INFO:colcon.colcon_cmake.task.cmake.build:Building CMake package in '/home/jakob/Desktop/serial-com/ros_ws/src/gimbalcom_package'
[0.502s] INFO:colcon.colcon_core.plugin_system:Skipping extension 'colcon_core.shell.bat': Not used on non-Windows systems
[0.502s] INFO:colcon.colcon_core.shell:Skip shell extension 'powershell' for command environment: Not usable outside of PowerShell
[0.502s] DEBUG:colcon.colcon_core.shell:Skip shell extension 'dsv' for command environment
[0.522s] INFO:colcon.colcon_ros.task.ament_cmake.build:Building ROS package in '/home/jakob/Desktop/serial-com/ros_ws/src/pub_package' with build type 'ament_cmake'
[0.522s] INFO:colcon.colcon_cmake.task.cmake.build:Building CMake package in '/home/jakob/Desktop/serial-com/ros_ws/src/pub_package'
[0.526s] INFO:colcon.colcon_core.shell:Skip shell extension 'powershell' for command environment: Not usable outside of PowerShell
[0.527s] DEBUG:colcon.colcon_core.shell:Skip shell extension 'dsv' for command environment
[0.544s] DEBUG:colcon.colcon_core.event_handler.log_command:Invoking command in '/home/jakob/Desktop/serial-com/ros_ws/build/gimbalcom_package': CMAKE_PREFIX_PATH=${CMAKE_PREFIX_PATH}:/opt/ros/foxy /home/jakob/.local/bin/cmake --build /home/jakob/Desktop/serial-com/ros_ws/build/gimbalcom_package -- -j12 -l12
[0.548s] DEBUG:colcon.colcon_core.event_handler.log_command:Invoking command in '/home/jakob/Desktop/serial-com/ros_ws/build/pub_package': CMAKE_PREFIX_PATH=${CMAKE_PREFIX_PATH}:/opt/ros/foxy /home/jakob/.local/bin/cmake --build /home/jakob/Desktop/serial-com/ros_ws/build/pub_package -- -j12 -l12
[0.598s] DEBUG:colcon.colcon_core.event_handler.log_command:Invoked command in '/home/jakob/Desktop/serial-com/ros_ws/build/pub_package' returned '0': CMAKE_PREFIX_PATH=${CMAKE_PREFIX_PATH}:/opt/ros/foxy /home/jakob/.local/bin/cmake --build /home/jakob/Desktop/serial-com/ros_ws/build/pub_package -- -j12 -l12
[0.668s] DEBUG:colcon.colcon_core.event_handler.log_command:Invoking command in '/home/jakob/Desktop/serial-com/ros_ws/build/pub_package': CMAKE_PREFIX_PATH=${CMAKE_PREFIX_PATH}:/opt/ros/foxy /home/jakob/.local/bin/cmake --install /home/jakob/Desktop/serial-com/ros_ws/build/pub_package
[0.695s] Level 1:colcon.colcon_core.environment:create_environment_scripts_only(pub_package)
[0.698s] DEBUG:colcon.colcon_core.event_handler.log_command:Invoked command in '/home/jakob/Desktop/serial-com/ros_ws/build/pub_package' returned '0': CMAKE_PREFIX_PATH=${CMAKE_PREFIX_PATH}:/opt/ros/foxy /home/jakob/.local/bin/cmake --install /home/jakob/Desktop/serial-com/ros_ws/build/pub_package
[0.707s] Level 1:colcon.colcon_core.environment:checking '/home/jakob/Desktop/serial-com/ros_ws/install/pub_package' for CMake module files
[0.707s] Level 1:colcon.colcon_core.environment:checking '/home/jakob/Desktop/serial-com/ros_ws/install/pub_package' for CMake config files
[0.707s] Level 1:colcon.colcon_core.shell:create_environment_hook('pub_package', 'cmake_prefix_path')
[0.713s] INFO:colcon.colcon_core.shell:Creating environment hook '/home/jakob/Desktop/serial-com/ros_ws/install/pub_package/share/pub_package/hook/cmake_prefix_path.ps1'
[0.713s] INFO:colcon.colcon_core.shell:Creating environment descriptor '/home/jakob/Desktop/serial-com/ros_ws/install/pub_package/share/pub_package/hook/cmake_prefix_path.dsv'
[0.713s] INFO:colcon.colcon_core.shell:Creating environment hook '/home/jakob/Desktop/serial-com/ros_ws/install/pub_package/share/pub_package/hook/cmake_prefix_path.sh'
[0.714s] Level 1:colcon.colcon_core.environment:checking '/home/jakob/Desktop/serial-com/ros_ws/install/pub_package/lib'
[0.714s] Level 1:colcon.colcon_core.environment:checking '/home/jakob/Desktop/serial-com/ros_ws/install/pub_package/bin'
[0.714s] Level 1:colcon.colcon_core.environment:checking '/home/jakob/Desktop/serial-com/ros_ws/install/pub_package/lib/pkgconfig/pub_package.pc'
[0.714s] Level 1:colcon.colcon_core.environment:checking '/home/jakob/Desktop/serial-com/ros_ws/install/pub_package/lib/python3.8/site-packages'
[0.714s] Level 1:colcon.colcon_core.environment:checking '/home/jakob/Desktop/serial-com/ros_ws/install/pub_package/bin'
[0.717s] INFO:colcon.colcon_core.shell:Creating package script '/home/jakob/Desktop/serial-com/ros_ws/install/pub_package/share/pub_package/package.ps1'
[0.718s] INFO:colcon.colcon_core.shell:Creating package descriptor '/home/jakob/Desktop/serial-com/ros_ws/install/pub_package/share/pub_package/package.dsv'
[0.718s] INFO:colcon.colcon_core.shell:Creating package script '/home/jakob/Desktop/serial-com/ros_ws/install/pub_package/share/pub_package/package.sh'
[0.719s] INFO:colcon.colcon_core.shell:Creating package script '/home/jakob/Desktop/serial-com/ros_ws/install/pub_package/share/pub_package/package.bash'
[0.719s] INFO:colcon.colcon_core.shell:Creating package script '/home/jakob/Desktop/serial-com/ros_ws/install/pub_package/share/pub_package/package.zsh'
[0.719s] Level 1:colcon.colcon_core.environment:create_file_with_runtime_dependencies(/home/jakob/Desktop/serial-com/ros_ws/install/pub_package/share/colcon-core/packages/pub_package)
[0.770s] Level 1:colcon.colcon_core.environment:create_environment_scripts_only(pub_package)
[0.778s] Level 1:colcon.colcon_core.environment:checking '/home/jakob/Desktop/serial-com/ros_ws/install/pub_package' for CMake module files
[0.778s] Level 1:colcon.colcon_core.environment:checking '/home/jakob/Desktop/serial-com/ros_ws/install/pub_package' for CMake config files
[0.778s] Level 1:colcon.colcon_core.shell:create_environment_hook('pub_package', 'cmake_prefix_path')
[0.782s] INFO:colcon.colcon_core.shell:Creating environment hook '/home/jakob/Desktop/serial-com/ros_ws/install/pub_package/share/pub_package/hook/cmake_prefix_path.ps1'
[0.783s] INFO:colcon.colcon_core.shell:Creating environment descriptor '/home/jakob/Desktop/serial-com/ros_ws/install/pub_package/share/pub_package/hook/cmake_prefix_path.dsv'
[0.783s] INFO:colcon.colcon_core.shell:Creating environment hook '/home/jakob/Desktop/serial-com/ros_ws/install/pub_package/share/pub_package/hook/cmake_prefix_path.sh'
[0.783s] Level 1:colcon.colcon_core.environment:checking '/home/jakob/Desktop/serial-com/ros_ws/install/pub_package/lib'
[0.783s] Level 1:colcon.colcon_core.environment:checking '/home/jakob/Desktop/serial-com/ros_ws/install/pub_package/bin'
[0.783s] Level 1:colcon.colcon_core.environment:checking '/home/jakob/Desktop/serial-com/ros_ws/install/pub_package/lib/pkgconfig/pub_package.pc'
[0.784s] Level 1:colcon.colcon_core.environment:checking '/home/jakob/Desktop/serial-com/ros_ws/install/pub_package/lib/python3.8/site-packages'
[0.784s] Level 1:colcon.colcon_core.environment:checking '/home/jakob/Desktop/serial-com/ros_ws/install/pub_package/bin'
[0.787s] INFO:colcon.colcon_core.shell:Creating package script '/home/jakob/Desktop/serial-com/ros_ws/install/pub_package/share/pub_package/package.ps1'
[0.787s] INFO:colcon.colcon_core.shell:Creating package descriptor '/home/jakob/Desktop/serial-com/ros_ws/install/pub_package/share/pub_package/package.dsv'
[0.788s] INFO:colcon.colcon_core.shell:Creating package script '/home/jakob/Desktop/serial-com/ros_ws/install/pub_package/share/pub_package/package.sh'
[0.788s] INFO:colcon.colcon_core.shell:Creating package script '/home/jakob/Desktop/serial-com/ros_ws/install/pub_package/share/pub_package/package.bash'
[0.788s] INFO:colcon.colcon_core.shell:Creating package script '/home/jakob/Desktop/serial-com/ros_ws/install/pub_package/share/pub_package/package.zsh'
[0.788s] Level 1:colcon.colcon_core.environment:create_file_with_runtime_dependencies(/home/jakob/Desktop/serial-com/ros_ws/install/pub_package/share/colcon-core/packages/pub_package)
[3.923s] DEBUG:colcon.colcon_core.event_handler.log_command:Invoked command in '/home/jakob/Desktop/serial-com/ros_ws/build/gimbalcom_package' returned '0': CMAKE_PREFIX_PATH=${CMAKE_PREFIX_PATH}:/opt/ros/foxy /home/jakob/.local/bin/cmake --build /home/jakob/Desktop/serial-com/ros_ws/build/gimbalcom_package -- -j12 -l12
[3.966s] DEBUG:colcon.colcon_core.event_handler.log_command:Invoking command in '/home/jakob/Desktop/serial-com/ros_ws/build/gimbalcom_package': CMAKE_PREFIX_PATH=${CMAKE_PREFIX_PATH}:/opt/ros/foxy /home/jakob/.local/bin/cmake --install /home/jakob/Desktop/serial-com/ros_ws/build/gimbalcom_package
[3.995s] Level 1:colcon.colcon_core.environment:create_environment_scripts_only(gimbalcom_package)
[3.996s] DEBUG:colcon.colcon_core.event_handler.log_command:Invoked command in '/home/jakob/Desktop/serial-com/ros_ws/build/gimbalcom_package' returned '0': CMAKE_PREFIX_PATH=${CMAKE_PREFIX_PATH}:/opt/ros/foxy /home/jakob/.local/bin/cmake --install /home/jakob/Desktop/serial-com/ros_ws/build/gimbalcom_package
[4.005s] Level 1:colcon.colcon_core.environment:checking '/home/jakob/Desktop/serial-com/ros_ws/install/gimbalcom_package' for CMake module files
[4.005s] Level 1:colcon.colcon_core.environment:checking '/home/jakob/Desktop/serial-com/ros_ws/install/gimbalcom_package' for CMake config files
[4.006s] Level 1:colcon.colcon_core.shell:create_environment_hook('gimbalcom_package', 'cmake_prefix_path')
[4.010s] INFO:colcon.colcon_core.shell:Creating environment hook '/home/jakob/Desktop/serial-com/ros_ws/install/gimbalcom_package/share/gimbalcom_package/hook/cmake_prefix_path.ps1'
[4.010s] INFO:colcon.colcon_core.shell:Creating environment descriptor '/home/jakob/Desktop/serial-com/ros_ws/install/gimbalcom_package/share/gimbalcom_package/hook/cmake_prefix_path.dsv'
[4.011s] INFO:colcon.colcon_core.shell:Creating environment hook '/home/jakob/Desktop/serial-com/ros_ws/install/gimbalcom_package/share/gimbalcom_package/hook/cmake_prefix_path.sh'
[4.011s] Level 1:colcon.colcon_core.environment:checking '/home/jakob/Desktop/serial-com/ros_ws/install/gimbalcom_package/lib'
[4.011s] Level 1:colcon.colcon_core.environment:checking '/home/jakob/Desktop/serial-com/ros_ws/install/gimbalcom_package/bin'
[4.011s] Level 1:colcon.colcon_core.environment:checking '/home/jakob/Desktop/serial-com/ros_ws/install/gimbalcom_package/lib/pkgconfig/gimbalcom_package.pc'
[4.011s] Level 1:colcon.colcon_core.environment:checking '/home/jakob/Desktop/serial-com/ros_ws/install/gimbalcom_package/lib/python3.8/site-packages'
[4.011s] Level 1:colcon.colcon_core.environment:checking '/home/jakob/Desktop/serial-com/ros_ws/install/gimbalcom_package/bin'
[4.015s] INFO:colcon.colcon_core.shell:Creating package script '/home/jakob/Desktop/serial-com/ros_ws/install/gimbalcom_package/share/gimbalcom_package/package.ps1'
[4.016s] INFO:colcon.colcon_core.shell:Creating package descriptor '/home/jakob/Desktop/serial-com/ros_ws/install/gimbalcom_package/share/gimbalcom_package/package.dsv'
[4.016s] INFO:colcon.colcon_core.shell:Creating package script '/home/jakob/Desktop/serial-com/ros_ws/install/gimbalcom_package/share/gimbalcom_package/package.sh'
[4.016s] INFO:colcon.colcon_core.shell:Creating package script '/home/jakob/Desktop/serial-com/ros_ws/install/gimbalcom_package/share/gimbalcom_package/package.bash'
[4.016s] INFO:colcon.colcon_core.shell:Creating package script '/home/jakob/Desktop/serial-com/ros_ws/install/gimbalcom_package/share/gimbalcom_package/package.zsh'
[4.017s] Level 1:colcon.colcon_core.environment:create_file_with_runtime_dependencies(/home/jakob/Desktop/serial-com/ros_ws/install/gimbalcom_package/share/colcon-core/packages/gimbalcom_package)
[4.068s] Level 1:colcon.colcon_core.environment:create_environment_scripts_only(gimbalcom_package)
[4.074s] Level 1:colcon.colcon_core.environment:checking '/home/jakob/Desktop/serial-com/ros_ws/install/gimbalcom_package' for CMake module files
[4.075s] Level 1:colcon.colcon_core.environment:checking '/home/jakob/Desktop/serial-com/ros_ws/install/gimbalcom_package' for CMake config files
[4.075s] Level 1:colcon.colcon_core.shell:create_environment_hook('gimbalcom_package', 'cmake_prefix_path')
[4.078s] INFO:colcon.colcon_core.shell:Creating environment hook '/home/jakob/Desktop/serial-com/ros_ws/install/gimbalcom_package/share/gimbalcom_package/hook/cmake_prefix_path.ps1'
[4.079s] INFO:colcon.colcon_core.shell:Creating environment descriptor '/home/jakob/Desktop/serial-com/ros_ws/install/gimbalcom_package/share/gimbalcom_package/hook/cmake_prefix_path.dsv'
[4.079s] INFO:colcon.colcon_core.shell:Creating environment hook '/home/jakob/Desktop/serial-com/ros_ws/install/gimbalcom_package/share/gimbalcom_package/hook/cmake_prefix_path.sh'
[4.079s] Level 1:colcon.colcon_core.environment:checking '/home/jakob/Desktop/serial-com/ros_ws/install/gimbalcom_package/lib'
[4.079s] Level 1:colcon.colcon_core.environment:checking '/home/jakob/Desktop/serial-com/ros_ws/install/gimbalcom_package/bin'
[4.079s] Level 1:colcon.colcon_core.environment:checking '/home/jakob/Desktop/serial-com/ros_ws/install/gimbalcom_package/lib/pkgconfig/gimbalcom_package.pc'
[4.079s] Level 1:colcon.colcon_core.environment:checking '/home/jakob/Desktop/serial-com/ros_ws/install/gimbalcom_package/lib/python3.8/site-packages'
[4.080s] Level 1:colcon.colcon_core.environment:checking '/home/jakob/Desktop/serial-com/ros_ws/install/gimbalcom_package/bin'
[4.083s] INFO:colcon.colcon_core.shell:Creating package script '/home/jakob/Desktop/serial-com/ros_ws/install/gimbalcom_package/share/gimbalcom_package/package.ps1'
[4.083s] INFO:colcon.colcon_core.shell:Creating package descriptor '/home/jakob/Desktop/serial-com/ros_ws/install/gimbalcom_package/share/gimbalcom_package/package.dsv'
[4.084s] INFO:colcon.colcon_core.shell:Creating package script '/home/jakob/Desktop/serial-com/ros_ws/install/gimbalcom_package/share/gimbalcom_package/package.sh'
[4.084s] INFO:colcon.colcon_core.shell:Creating package script '/home/jakob/Desktop/serial-com/ros_ws/install/gimbalcom_package/share/gimbalcom_package/package.bash'
[4.084s] INFO:colcon.colcon_core.shell:Creating package script '/home/jakob/Desktop/serial-com/ros_ws/install/gimbalcom_package/share/gimbalcom_package/package.zsh'
[4.084s] Level 1:colcon.colcon_core.environment:create_file_with_runtime_dependencies(/home/jakob/Desktop/serial-com/ros_ws/install/gimbalcom_package/share/colcon-core/packages/gimbalcom_package)
[4.085s] DEBUG:colcon.colcon_parallel_executor.executor.parallel:closing loop
[4.085s] DEBUG:colcon.colcon_parallel_executor.executor.parallel:loop closed
[4.085s] DEBUG:colcon.colcon_parallel_executor.executor.parallel:run_until_complete finished with '0'
[4.085s] DEBUG:colcon.colcon_core.event_reactor:joining thread
[4.095s] INFO:colcon.colcon_core.plugin_system:Skipping extension 'colcon_notification.desktop_notification.terminal_notifier': Not used on non-Darwin systems
[4.096s] INFO:colcon.colcon_core.plugin_system:Skipping extension 'colcon_notification.desktop_notification.win32': Not used on non-Windows systems
[4.096s] INFO:colcon.colcon_notification.desktop_notification:Sending desktop notification using 'notify2'
[4.105s] DEBUG:colcon.colcon_core.event_reactor:joined thread
[4.111s] INFO:colcon.colcon_core.shell:Creating prefix script '/home/jakob/Desktop/serial-com/ros_ws/install/local_setup.ps1'
[4.112s] INFO:colcon.colcon_core.shell:Creating prefix util module '/home/jakob/Desktop/serial-com/ros_ws/install/_local_setup_util_ps1.py'
[4.113s] INFO:colcon.colcon_core.shell:Creating prefix chain script '/home/jakob/Desktop/serial-com/ros_ws/install/setup.ps1'
[4.118s] INFO:colcon.colcon_core.shell:Creating prefix script '/home/jakob/Desktop/serial-com/ros_ws/install/local_setup.sh'
[4.119s] INFO:colcon.colcon_core.shell:Creating prefix util module '/home/jakob/Desktop/serial-com/ros_ws/install/_local_setup_util_sh.py'
[4.119s] INFO:colcon.colcon_core.shell:Creating prefix chain script '/home/jakob/Desktop/serial-com/ros_ws/install/setup.sh'
[4.124s] INFO:colcon.colcon_core.shell:Creating prefix script '/home/jakob/Desktop/serial-com/ros_ws/install/local_setup.bash'
[4.124s] INFO:colcon.colcon_core.shell:Creating prefix chain script '/home/jakob/Desktop/serial-com/ros_ws/install/setup.bash'
[4.127s] INFO:colcon.colcon_core.shell:Creating prefix script '/home/jakob/Desktop/serial-com/ros_ws/install/local_setup.zsh'
[4.127s] INFO:colcon.colcon_core.shell:Creating prefix chain script '/home/jakob/Desktop/serial-com/ros_ws/install/setup.zsh'
